#
# There is insufficient memory for the Java Runtime Environment to continue.
# Native memory allocation (malloc) failed to allocate 1028816 bytes for Chunk::new
# Possible reasons:
#   The system is out of physical RAM or swap space
#   The process is running with CompressedOops enabled, and the Java Heap may be blocking the growth of the native heap
# Possible solutions:
#   Reduce memory load on the system
#   Increase physical memory or swap space
#   Check if swap backing store is full
#   Decrease Java heap size (-Xmx/-Xms)
#   Decrease number of Java threads
#   Decrease Java thread stack sizes (-Xss)
#   Set larger code cache with -XX:ReservedCodeCacheSize=
#   JVM is running with Unscaled Compressed Oops mode in which the Java heap is
#     placed in the first 4GB address space. The Java Heap base address is the
#     maximum limit for the native heap growth. Please use -XX:HeapBaseMinAddress
#     to set the Java Heap base and to place the Java Heap above 4GB virtual address.
# This output file may be truncated or incomplete.
#
#  Out of Memory Error (arena.cpp:189), pid=5656, tid=7768
#
# JRE version: OpenJDK Runtime Environment (17.0.6) (build 17.0.6+0-b2043.56-9586694)
# Java VM: OpenJDK 64-Bit Server VM (17.0.6+0-b2043.56-9586694, mixed mode, tiered, compressed oops, compressed class ptrs, g1 gc, windows-amd64)
# No core dump will be written. Minidumps are not enabled by default on client versions of Windows
#

---------------  S U M M A R Y ------------

Command Line: --add-opens=java.base/java.util=ALL-UNNAMED --add-opens=java.base/java.lang=ALL-UNNAMED --add-opens=java.base/java.lang.invoke=ALL-UNNAMED --add-opens=java.base/java.util=ALL-UNNAMED --add-opens=java.prefs/java.util.prefs=ALL-UNNAMED --add-opens=java.prefs/java.util.prefs=ALL-UNNAMED --add-opens=java.base/java.nio.charset=ALL-UNNAMED --add-opens=java.base/java.net=ALL-UNNAMED --add-opens=java.base/java.util.concurrent.atomic=ALL-UNNAMED -Xmx2048m -Dfile.encoding=UTF-8 -Duser.country=ID -Duser.language=en -Duser.variant org.gradle.launcher.daemon.bootstrap.GradleDaemon 7.2

Host: 11th Gen Intel(R) Core(TM) i5-11400H @ 2.70GHz, 12 cores, 15G,  Windows 10 , 64 bit Build 19041 (10.0.19041.2913)
Time: Wed May 17 11:50:41 2023 SE Asia Standard Time elapsed time: 9.337749 seconds (0d 0h 0m 9s)

---------------  T H R E A D  ---------------

Current thread (0x0000020da03b1b40):  JavaThread "C2 CompilerThread2" daemon [_thread_in_native, id=7768, stack(0x000000ae12100000,0x000000ae12200000)]


Current CompileTask:
C2:   9337 7135       4       sun.reflect.generics.parser.SignatureParser::parsePackageNameAndSimpleClassTypeSignature (119 bytes)

Stack: [0x000000ae12100000,0x000000ae12200000]
Native frames: (J=compiled Java code, j=interpreted, Vv=VM code, C=native code)
V  [jvm.dll+0x683b4a]
V  [jvm.dll+0x842654]
V  [jvm.dll+0x843dfe]
V  [jvm.dll+0x844463]
V  [jvm.dll+0x249b75]
V  [jvm.dll+0xabcac]
V  [jvm.dll+0xac27c]
V  [jvm.dll+0x368802]
V  [jvm.dll+0x1bd0b8]
V  [jvm.dll+0x21c359]
V  [jvm.dll+0x21b621]
V  [jvm.dll+0x1a4fdd]
V  [jvm.dll+0x22b098]
V  [jvm.dll+0x229159]
V  [jvm.dll+0x7f809c]
V  [jvm.dll+0x7f25fa]
V  [jvm.dll+0x682985]
C  [ucrtbase.dll+0x21bb2]
C  [KERNEL32.DLL+0x17614]
C  [ntdll.dll+0x526a1]


---------------  P R O C E S S  ---------------

Threads class SMR info:
_java_thread_list=0x0000020da4033380, length=170, elements={
0x0000020dfe1bd200, 0x0000020d9903d540, 0x0000020d9903de00, 0x0000020d9907f010,
0x0000020d9907f4e0, 0x0000020d99081db0, 0x0000020d99082670, 0x0000020d99086810,
0x0000020d9908f5e0, 0x0000020d990922e0, 0x0000020d99223010, 0x0000020d99225d00,
0x0000020d992b7cf0, 0x0000020d9b8e0e50, 0x0000020d9ba69810, 0x0000020d9c440060,
0x0000020d9ba2e570, 0x0000020d9abcd430, 0x0000020d9bbe4c00, 0x0000020d9bbe54e0,
0x0000020d9a20fef0, 0x0000020d9a2103c0, 0x0000020d9a20f080, 0x0000020d9a20f550,
0x0000020d9a20fa20, 0x0000020d9b890550, 0x0000020d9b88d060, 0x0000020d9b88ed40,
0x0000020d9b892230, 0x0000020d9b88f6e0, 0x0000020d9b892700, 0x0000020d9b88d530,
0x0000020d9b88fbb0, 0x0000020d9b88f210, 0x0000020d9b88e870, 0x0000020d9b88ded0,
0x0000020d9b890080, 0x0000020d9b8930a0, 0x0000020d9b88b850, 0x0000020d9b88bd20,
0x0000020d9b88c6c0, 0x0000020da03b1b40, 0x0000020d9b8913c0, 0x0000020d9b891890,
0x0000020d9b891d60, 0x0000020d9fb15fe0, 0x0000020d9fb15b10, 0x0000020d9fb13960,
0x0000020d9fb16e50, 0x0000020d9fb13490, 0x0000020d9fb199a0, 0x0000020d9fb177f0,
0x0000020d9fb164b0, 0x0000020d9fb17320, 0x0000020d9fb1a810, 0x0000020d9fb16980,
0x0000020d9fb12fc0, 0x0000020d9fb17cc0, 0x0000020d9fb18b30, 0x0000020d9fb13e30,
0x0000020d9fb18190, 0x0000020d9fb14300, 0x0000020d9fb147d0, 0x0000020d9fb14ca0,
0x0000020d9fb18660, 0x0000020d9fb19000, 0x0000020d9fb194d0, 0x0000020d9fb19e70,
0x0000020d9fb15170, 0x0000020d9fb1a340, 0x0000020d9fb15640, 0x0000020d9a917210,
0x0000020d9a918a20, 0x0000020d9a916d40, 0x0000020d9a916870, 0x0000020d9a9176e0,
0x0000020d9a917bb0, 0x0000020d9a918550, 0x0000020d9a915060, 0x0000020d9a918080,
0x0000020d9a915530, 0x0000020d9a915a00, 0x0000020d9a9163a0, 0x0000020d9a915ed0,
0x0000020d9cc29650, 0x0000020d9cc287e0, 0x0000020d9cc29b20, 0x0000020d9cc2c670,
0x0000020d9cc27970, 0x0000020d9cc27e40, 0x0000020d9cc2a990, 0x0000020d9cc274a0,
0x0000020d9cc24e20, 0x0000020d9cc29ff0, 0x0000020d9cc252f0, 0x0000020d9cc257c0,
0x0000020d9cc2bcd0, 0x0000020d9cc26fd0, 0x0000020d9cc25c90, 0x0000020d9cc26160,
0x0000020d9cc28cb0, 0x0000020d9cc26630, 0x0000020d9cc28310, 0x0000020d9cc2a4c0,
0x0000020d9cc26b00, 0x0000020d9cc29180, 0x0000020d9cc2ae60, 0x0000020d9cc2b330,
0x0000020d9cc2b800, 0x0000020d9cc2c1a0, 0x0000020d9a9d4e20, 0x0000020d9a9d6160,
0x0000020d9a9da4c0, 0x0000020d9a9da990, 0x0000020d9a9d3fb0, 0x0000020d9a9d5c90,
0x0000020d9a9d4950, 0x0000020d9a9d6630, 0x0000020d9a9d3610, 0x0000020d9a9d52f0,
0x0000020d9a9d6b00, 0x0000020d9a9d87e0, 0x0000020d9a9d6fd0, 0x0000020d9a9d8cb0,
0x0000020d9a9d9b20, 0x0000020d9a9d9180, 0x0000020d9a9d74a0, 0x0000020d9a9d9650,
0x0000020d9a9d7970, 0x0000020d9a9d3140, 0x0000020d9a9d57c0, 0x0000020d9a9d7e40,
0x0000020d9a9d3ae0, 0x0000020d9a9d9ff0, 0x0000020d9a9d4480, 0x0000020d9a9d8310,
0x0000020d9e9b93c0, 0x0000020d9e9ba700, 0x0000020d9e9bcd80, 0x0000020d9e9bba40,
0x0000020d9e9b8a20, 0x0000020d9e9be590, 0x0000020d9e9bdbf0, 0x0000020d9e9b8080,
0x0000020d9e9b9890, 0x0000020d9e9bc8b0, 0x0000020d9e9bd250, 0x0000020d9e9bbf10,
0x0000020d9e9bb0a0, 0x0000020d9e9bc3e0, 0x0000020d9e9bd720, 0x0000020d9e9bef30,
0x0000020d9e9bf8d0, 0x0000020d9e9b8550, 0x0000020d9e9b8ef0, 0x0000020d9e9be0c0,
0x0000020d9e9b9d60, 0x0000020d9e9ba230, 0x0000020d9e9bea60, 0x0000020d9e9babd0,
0x0000020d9e9bf400, 0x0000020d9e9bb570, 0x0000020da009bd60, 0x0000020da009c230,
0x0000020da0099bb0, 0x0000020da009cbd0, 0x0000020da009aa20, 0x0000020da009a080,
0x0000020da009a550, 0x0000020da009c700
}

Java Threads: ( => current thread )
  0x0000020dfe1bd200 JavaThread "main" [_thread_blocked, id=11812, stack(0x000000ae0e600000,0x000000ae0e700000)]
  0x0000020d9903d540 JavaThread "Reference Handler" daemon [_thread_blocked, id=1744, stack(0x000000ae0ed00000,0x000000ae0ee00000)]
  0x0000020d9903de00 JavaThread "Finalizer" daemon [_thread_blocked, id=12636, stack(0x000000ae0ee00000,0x000000ae0ef00000)]
  0x0000020d9907f010 JavaThread "Signal Dispatcher" daemon [_thread_blocked, id=15868, stack(0x000000ae0ef00000,0x000000ae0f000000)]
  0x0000020d9907f4e0 JavaThread "Attach Listener" daemon [_thread_blocked, id=3620, stack(0x000000ae0f000000,0x000000ae0f100000)]
  0x0000020d99081db0 JavaThread "Service Thread" daemon [_thread_blocked, id=20692, stack(0x000000ae0f100000,0x000000ae0f200000)]
  0x0000020d99082670 JavaThread "Monitor Deflation Thread" daemon [_thread_blocked, id=856, stack(0x000000ae0f200000,0x000000ae0f300000)]
  0x0000020d99086810 JavaThread "C2 CompilerThread0" daemon [_thread_blocked, id=11180, stack(0x000000ae0f300000,0x000000ae0f400000)]
  0x0000020d9908f5e0 JavaThread "C1 CompilerThread0" daemon [_thread_blocked, id=12580, stack(0x000000ae0f400000,0x000000ae0f500000)]
  0x0000020d990922e0 JavaThread "Sweeper thread" daemon [_thread_blocked, id=7432, stack(0x000000ae0f500000,0x000000ae0f600000)]
  0x0000020d99223010 JavaThread "Common-Cleaner" daemon [_thread_blocked, id=20436, stack(0x000000ae0f600000,0x000000ae0f700000)]
  0x0000020d99225d00 JavaThread "Notification Thread" daemon [_thread_blocked, id=8040, stack(0x000000ae0f700000,0x000000ae0f800000)]
  0x0000020d992b7cf0 JavaThread "C2 CompilerThread1" daemon [_thread_in_native, id=8312, stack(0x000000ae0f900000,0x000000ae0fa00000)]
  0x0000020d9b8e0e50 JavaThread "Daemon health stats" [_thread_blocked, id=19436, stack(0x000000ae10000000,0x000000ae10100000)]
  0x0000020d9ba69810 JavaThread "Incoming local TCP Connector on port 50792" [_thread_in_native, id=5228, stack(0x000000ae10100000,0x000000ae10200000)]
  0x0000020d9c440060 JavaThread "Daemon periodic checks" [_thread_blocked, id=12620, stack(0x000000ae10200000,0x000000ae10300000)]
  0x0000020d9ba2e570 JavaThread "Daemon" [_thread_blocked, id=20980, stack(0x000000ae10300000,0x000000ae10400000)]
  0x0000020d9abcd430 JavaThread "Handler for socket connection from /127.0.0.1:50792 to /127.0.0.1:50793" [_thread_in_native, id=8424, stack(0x000000ae10400000,0x000000ae10500000)]
  0x0000020d9bbe4c00 JavaThread "Cancel handler" [_thread_blocked, id=6940, stack(0x000000ae10500000,0x000000ae10600000)]
  0x0000020d9bbe54e0 JavaThread "Daemon worker" [_thread_in_vm, id=18900, stack(0x000000ae10600000,0x000000ae10700000)]
  0x0000020d9a20fef0 JavaThread "Asynchronous log dispatcher for DefaultDaemonConnection: socket connection from /127.0.0.1:50792 to /127.0.0.1:50793" [_thread_blocked, id=10448, stack(0x000000ae10700000,0x000000ae10800000)]
  0x0000020d9a2103c0 JavaThread "Stdin handler" [_thread_blocked, id=21480, stack(0x000000ae10800000,0x000000ae10900000)]
  0x0000020d9a20f080 JavaThread "Daemon client event forwarder" [_thread_blocked, id=15248, stack(0x000000ae10900000,0x000000ae10a00000)]
  0x0000020d9a20f550 JavaThread "Cache worker for journal cache (C:\Users\User\.gradle\caches\journal-1)" [_thread_blocked, id=11348, stack(0x000000ae10a00000,0x000000ae10b00000)]
  0x0000020d9a20fa20 JavaThread "File lock request listener" [_thread_in_native, id=11992, stack(0x000000ae11100000,0x000000ae11200000)]
  0x0000020d9b890550 JavaThread "Cache worker for file hash cache (C:\Users\User\.gradle\caches\7.2\fileHashes)" [_thread_blocked, id=10816, stack(0x000000ae11200000,0x000000ae11300000)]
  0x0000020d9b88d060 JavaThread "Cache worker for file hash cache (C:\Users\User\AndroidStudioProjects\MyEkasari\.gradle\7.2\fileHashes)" [_thread_blocked, id=20320, stack(0x000000ae11300000,0x000000ae11400000)]
  0x0000020d9b88ed40 JavaThread "File watcher server" daemon [_thread_in_native, id=21280, stack(0x000000ae11400000,0x000000ae11500000)]
  0x0000020d9b892230 JavaThread "File watcher consumer" daemon [_thread_blocked, id=3636, stack(0x000000ae11500000,0x000000ae11600000)]
  0x0000020d9b88f6e0 JavaThread "Cache worker for checksums cache (C:\Users\User\AndroidStudioProjects\MyEkasari\.gradle\checksums)" [_thread_blocked, id=18700, stack(0x000000ae11600000,0x000000ae11700000)]
  0x0000020d9b892700 JavaThread "Cache worker for cache directory md-supplier (C:\Users\User\.gradle\caches\7.2\md-supplier)" [_thread_blocked, id=13852, stack(0x000000ae11700000,0x000000ae11800000)]
  0x0000020d9b88d530 JavaThread "Cache worker for cache directory md-rule (C:\Users\User\.gradle\caches\7.2\md-rule)" [_thread_blocked, id=12448, stack(0x000000ae11800000,0x000000ae11900000)]
  0x0000020d9b88fbb0 JavaThread "Cache worker for execution history cache (C:\Users\User\.gradle\caches\7.2\executionHistory)" [_thread_blocked, id=21208, stack(0x000000ae11900000,0x000000ae11a00000)]
  0x0000020d9b88f210 JavaThread "jar transforms" [_thread_blocked, id=20092, stack(0x000000ae11a00000,0x000000ae11b00000)]
  0x0000020d9b88e870 JavaThread "jar transforms Thread 2" [_thread_blocked, id=5496, stack(0x000000ae11b00000,0x000000ae11c00000)]
  0x0000020d9b88ded0 JavaThread "Cache worker for file content cache (C:\Users\User\.gradle\caches\7.2\fileContent)" [_thread_blocked, id=4820, stack(0x000000ae11c00000,0x000000ae11d00000)]
  0x0000020d9b890080 JavaThread "jar transforms Thread 3" [_thread_blocked, id=8188, stack(0x000000ae11d00000,0x000000ae11e00000)]
  0x0000020d9b8930a0 JavaThread "jar transforms Thread 4" [_thread_blocked, id=5740, stack(0x000000ae11e00000,0x000000ae11f00000)]
  0x0000020d9b88b850 JavaThread "Cache worker for dependencies-accessors (C:\Users\User\AndroidStudioProjects\MyEkasari\.gradle\7.2\dependencies-accessors)" [_thread_blocked, id=6944, stack(0x000000ae11f00000,0x000000ae12000000)]
  0x0000020d9b88bd20 JavaThread "jar transforms Thread 5" [_thread_blocked, id=7220, stack(0x000000ae12000000,0x000000ae12100000)]
  0x0000020d9b88c6c0 JavaThread "Cache worker for Build Output Cleanup Cache (C:\Users\User\AndroidStudioProjects\MyEkasari\.gradle\buildOutputCleanup)" [_thread_blocked, id=21176, stack(0x000000ae0fa00000,0x000000ae0fb00000)]
=>0x0000020da03b1b40 JavaThread "C2 CompilerThread2" daemon [_thread_in_native, id=7768, stack(0x000000ae12100000,0x000000ae12200000)]
  0x0000020d9b8913c0 JavaThread "Unconstrained build operations" [_thread_blocked, id=9740, stack(0x000000ae12200000,0x000000ae12300000)]
  0x0000020d9b891890 JavaThread "Unconstrained build operations Thread 2" [_thread_blocked, id=20460, stack(0x000000ae12300000,0x000000ae12400000)]
  0x0000020d9b891d60 JavaThread "Unconstrained build operations Thread 3" [_thread_blocked, id=2672, stack(0x000000ae12400000,0x000000ae12500000)]
  0x0000020d9fb15fe0 JavaThread "Unconstrained build operations Thread 4" [_thread_blocked, id=10412, stack(0x000000ae12500000,0x000000ae12600000)]
  0x0000020d9fb15b10 JavaThread "Unconstrained build operations Thread 5" [_thread_blocked, id=4976, stack(0x000000ae12600000,0x000000ae12700000)]
  0x0000020d9fb13960 JavaThread "Unconstrained build operations Thread 6" [_thread_blocked, id=10968, stack(0x000000ae12700000,0x000000ae12800000)]
  0x0000020d9fb16e50 JavaThread "Unconstrained build operations Thread 7" [_thread_blocked, id=11880, stack(0x000000ae12800000,0x000000ae12900000)]
  0x0000020d9fb13490 JavaThread "Unconstrained build operations Thread 8" [_thread_blocked, id=7696, stack(0x000000ae12900000,0x000000ae12a00000)]
  0x0000020d9fb199a0 JavaThread "Unconstrained build operations Thread 9" [_thread_blocked, id=21124, stack(0x000000ae12a00000,0x000000ae12b00000)]
  0x0000020d9fb177f0 JavaThread "Unconstrained build operations Thread 10" [_thread_blocked, id=2848, stack(0x000000ae12b00000,0x000000ae12c00000)]
  0x0000020d9fb164b0 JavaThread "Unconstrained build operations Thread 11" [_thread_blocked, id=13368, stack(0x000000ae12c00000,0x000000ae12d00000)]
  0x0000020d9fb17320 JavaThread "Unconstrained build operations Thread 12" [_thread_blocked, id=4620, stack(0x000000ae12d00000,0x000000ae12e00000)]
  0x0000020d9fb1a810 JavaThread "Unconstrained build operations Thread 13" [_thread_blocked, id=16048, stack(0x000000ae12e00000,0x000000ae12f00000)]
  0x0000020d9fb16980 JavaThread "Unconstrained build operations Thread 14" [_thread_blocked, id=4336, stack(0x000000ae12f00000,0x000000ae13000000)]
  0x0000020d9fb12fc0 JavaThread "Unconstrained build operations Thread 15" [_thread_blocked, id=11600, stack(0x000000ae13000000,0x000000ae13100000)]
  0x0000020d9fb17cc0 JavaThread "Unconstrained build operations Thread 16" [_thread_blocked, id=2024, stack(0x000000ae13100000,0x000000ae13200000)]
  0x0000020d9fb18b30 JavaThread "Unconstrained build operations Thread 17" [_thread_blocked, id=7400, stack(0x000000ae13200000,0x000000ae13300000)]
  0x0000020d9fb13e30 JavaThread "Unconstrained build operations Thread 18" [_thread_blocked, id=3000, stack(0x000000ae13300000,0x000000ae13400000)]
  0x0000020d9fb18190 JavaThread "Unconstrained build operations Thread 19" [_thread_blocked, id=5128, stack(0x000000ae13400000,0x000000ae13500000)]
  0x0000020d9fb14300 JavaThread "Unconstrained build operations Thread 20" [_thread_blocked, id=9152, stack(0x000000ae13500000,0x000000ae13600000)]
  0x0000020d9fb147d0 JavaThread "Unconstrained build operations Thread 21" [_thread_blocked, id=12656, stack(0x000000ae13600000,0x000000ae13700000)]
  0x0000020d9fb14ca0 JavaThread "Unconstrained build operations Thread 22" [_thread_blocked, id=6680, stack(0x000000ae13700000,0x000000ae13800000)]
  0x0000020d9fb18660 JavaThread "Unconstrained build operations Thread 23" [_thread_blocked, id=3820, stack(0x000000ae13800000,0x000000ae13900000)]
  0x0000020d9fb19000 JavaThread "Unconstrained build operations Thread 24" [_thread_blocked, id=20156, stack(0x000000ae13900000,0x000000ae13a00000)]
  0x0000020d9fb194d0 JavaThread "Unconstrained build operations Thread 25" [_thread_blocked, id=8408, stack(0x000000ae13a00000,0x000000ae13b00000)]
  0x0000020d9fb19e70 JavaThread "Unconstrained build operations Thread 26" [_thread_blocked, id=17172, stack(0x000000ae13b00000,0x000000ae13c00000)]
  0x0000020d9fb15170 JavaThread "Unconstrained build operations Thread 27" [_thread_blocked, id=18180, stack(0x000000ae13c00000,0x000000ae13d00000)]
  0x0000020d9fb1a340 JavaThread "Unconstrained build operations Thread 28" [_thread_blocked, id=19072, stack(0x000000ae13d00000,0x000000ae13e00000)]
  0x0000020d9fb15640 JavaThread "Unconstrained build operations Thread 29" [_thread_blocked, id=8020, stack(0x000000ae13e00000,0x000000ae13f00000)]
  0x0000020d9a917210 JavaThread "Unconstrained build operations Thread 30" [_thread_blocked, id=6204, stack(0x000000ae13f00000,0x000000ae14000000)]
  0x0000020d9a918a20 JavaThread "Unconstrained build operations Thread 31" [_thread_blocked, id=7560, stack(0x000000ae14000000,0x000000ae14100000)]
  0x0000020d9a916d40 JavaThread "Unconstrained build operations Thread 32" [_thread_blocked, id=16952, stack(0x000000ae14100000,0x000000ae14200000)]
  0x0000020d9a916870 JavaThread "Unconstrained build operations Thread 33" [_thread_blocked, id=13492, stack(0x000000ae14200000,0x000000ae14300000)]
  0x0000020d9a9176e0 JavaThread "Unconstrained build operations Thread 34" [_thread_blocked, id=21456, stack(0x000000ae14300000,0x000000ae14400000)]
  0x0000020d9a917bb0 JavaThread "Unconstrained build operations Thread 35" [_thread_blocked, id=9912, stack(0x000000ae14400000,0x000000ae14500000)]
  0x0000020d9a918550 JavaThread "Unconstrained build operations Thread 36" [_thread_blocked, id=19440, stack(0x000000ae14500000,0x000000ae14600000)]
  0x0000020d9a915060 JavaThread "Unconstrained build operations Thread 37" [_thread_blocked, id=12888, stack(0x000000ae14600000,0x000000ae14700000)]
  0x0000020d9a918080 JavaThread "Unconstrained build operations Thread 38" [_thread_blocked, id=11552, stack(0x000000ae14700000,0x000000ae14800000)]
  0x0000020d9a915530 JavaThread "Unconstrained build operations Thread 39" [_thread_blocked, id=17428, stack(0x000000ae14800000,0x000000ae14900000)]
  0x0000020d9a915a00 JavaThread "Unconstrained build operations Thread 40" [_thread_blocked, id=4008, stack(0x000000ae14900000,0x000000ae14a00000)]
  0x0000020d9a9163a0 JavaThread "Unconstrained build operations Thread 41" [_thread_blocked, id=15452, stack(0x000000ae14a00000,0x000000ae14b00000)]
  0x0000020d9a915ed0 JavaThread "Unconstrained build operations Thread 42" [_thread_blocked, id=17592, stack(0x000000ae14b00000,0x000000ae14c00000)]
  0x0000020d9cc29650 JavaThread "Unconstrained build operations Thread 43" [_thread_blocked, id=18260, stack(0x000000ae14c00000,0x000000ae14d00000)]
  0x0000020d9cc287e0 JavaThread "Unconstrained build operations Thread 44" [_thread_blocked, id=11540, stack(0x000000ae14d00000,0x000000ae14e00000)]
  0x0000020d9cc29b20 JavaThread "Unconstrained build operations Thread 45" [_thread_blocked, id=18684, stack(0x000000ae14e00000,0x000000ae14f00000)]
  0x0000020d9cc2c670 JavaThread "Unconstrained build operations Thread 46" [_thread_blocked, id=4716, stack(0x000000ae14f00000,0x000000ae15000000)]
  0x0000020d9cc27970 JavaThread "Unconstrained build operations Thread 47" [_thread_blocked, id=19144, stack(0x000000ae15000000,0x000000ae15100000)]
  0x0000020d9cc27e40 JavaThread "Unconstrained build operations Thread 48" [_thread_blocked, id=14092, stack(0x000000ae15100000,0x000000ae15200000)]
  0x0000020d9cc2a990 JavaThread "Unconstrained build operations Thread 49" [_thread_blocked, id=17548, stack(0x000000ae15200000,0x000000ae15300000)]
  0x0000020d9cc274a0 JavaThread "Unconstrained build operations Thread 50" [_thread_blocked, id=6256, stack(0x000000ae15300000,0x000000ae15400000)]
  0x0000020d9cc24e20 JavaThread "Unconstrained build operations Thread 51" [_thread_blocked, id=8332, stack(0x000000ae15400000,0x000000ae15500000)]
  0x0000020d9cc29ff0 JavaThread "Unconstrained build operations Thread 52" [_thread_blocked, id=5608, stack(0x000000ae15500000,0x000000ae15600000)]
  0x0000020d9cc252f0 JavaThread "Unconstrained build operations Thread 53" [_thread_blocked, id=2208, stack(0x000000ae15600000,0x000000ae15700000)]
  0x0000020d9cc257c0 JavaThread "Unconstrained build operations Thread 54" [_thread_blocked, id=11904, stack(0x000000ae15700000,0x000000ae15800000)]
  0x0000020d9cc2bcd0 JavaThread "Unconstrained build operations Thread 55" [_thread_blocked, id=15780, stack(0x000000ae15800000,0x000000ae15900000)]
  0x0000020d9cc26fd0 JavaThread "Unconstrained build operations Thread 56" [_thread_blocked, id=7652, stack(0x000000ae15900000,0x000000ae15a00000)]
  0x0000020d9cc25c90 JavaThread "Unconstrained build operations Thread 57" [_thread_blocked, id=8240, stack(0x000000ae15a00000,0x000000ae15b00000)]
  0x0000020d9cc26160 JavaThread "Unconstrained build operations Thread 58" [_thread_blocked, id=8928, stack(0x000000ae15b00000,0x000000ae15c00000)]
  0x0000020d9cc28cb0 JavaThread "Unconstrained build operations Thread 59" [_thread_blocked, id=21484, stack(0x000000ae15c00000,0x000000ae15d00000)]
  0x0000020d9cc26630 JavaThread "Unconstrained build operations Thread 60" [_thread_blocked, id=10576, stack(0x000000ae15d00000,0x000000ae15e00000)]
  0x0000020d9cc28310 JavaThread "Unconstrained build operations Thread 61" [_thread_blocked, id=11564, stack(0x000000ae15e00000,0x000000ae15f00000)]
  0x0000020d9cc2a4c0 JavaThread "Unconstrained build operations Thread 62" [_thread_blocked, id=824, stack(0x000000ae15f00000,0x000000ae16000000)]
  0x0000020d9cc26b00 JavaThread "Unconstrained build operations Thread 63" [_thread_blocked, id=17300, stack(0x000000ae16000000,0x000000ae16100000)]
  0x0000020d9cc29180 JavaThread "Unconstrained build operations Thread 64" [_thread_blocked, id=12644, stack(0x000000ae16100000,0x000000ae16200000)]
  0x0000020d9cc2ae60 JavaThread "Unconstrained build operations Thread 65" [_thread_blocked, id=10776, stack(0x000000ae16200000,0x000000ae16300000)]
  0x0000020d9cc2b330 JavaThread "Unconstrained build operations Thread 66" [_thread_blocked, id=7724, stack(0x000000ae16300000,0x000000ae16400000)]
  0x0000020d9cc2b800 JavaThread "Unconstrained build operations Thread 67" [_thread_blocked, id=19828, stack(0x000000ae16400000,0x000000ae16500000)]
  0x0000020d9cc2c1a0 JavaThread "Unconstrained build operations Thread 68" [_thread_blocked, id=16692, stack(0x000000ae16500000,0x000000ae16600000)]
  0x0000020d9a9d4e20 JavaThread "Unconstrained build operations Thread 69" [_thread_blocked, id=21216, stack(0x000000ae16600000,0x000000ae16700000)]
  0x0000020d9a9d6160 JavaThread "Unconstrained build operations Thread 70" [_thread_blocked, id=17440, stack(0x000000ae16700000,0x000000ae16800000)]
  0x0000020d9a9da4c0 JavaThread "Unconstrained build operations Thread 71" [_thread_blocked, id=17512, stack(0x000000ae16800000,0x000000ae16900000)]
  0x0000020d9a9da990 JavaThread "Unconstrained build operations Thread 72" [_thread_blocked, id=11884, stack(0x000000ae16900000,0x000000ae16a00000)]
  0x0000020d9a9d3fb0 JavaThread "Unconstrained build operations Thread 73" [_thread_blocked, id=10008, stack(0x000000ae16a00000,0x000000ae16b00000)]
  0x0000020d9a9d5c90 JavaThread "Unconstrained build operations Thread 74" [_thread_blocked, id=4552, stack(0x000000ae16b00000,0x000000ae16c00000)]
  0x0000020d9a9d4950 JavaThread "Unconstrained build operations Thread 75" [_thread_blocked, id=6608, stack(0x000000ae16c00000,0x000000ae16d00000)]
  0x0000020d9a9d6630 JavaThread "Unconstrained build operations Thread 76" [_thread_blocked, id=13996, stack(0x000000ae16d00000,0x000000ae16e00000)]
  0x0000020d9a9d3610 JavaThread "Unconstrained build operations Thread 77" [_thread_blocked, id=3528, stack(0x000000ae16e00000,0x000000ae16f00000)]
  0x0000020d9a9d52f0 JavaThread "Unconstrained build operations Thread 78" [_thread_blocked, id=9144, stack(0x000000ae16f00000,0x000000ae17000000)]
  0x0000020d9a9d6b00 JavaThread "Unconstrained build operations Thread 79" [_thread_blocked, id=19076, stack(0x000000ae17000000,0x000000ae17100000)]
  0x0000020d9a9d87e0 JavaThread "Unconstrained build operations Thread 80" [_thread_blocked, id=19020, stack(0x000000ae17100000,0x000000ae17200000)]
  0x0000020d9a9d6fd0 JavaThread "Unconstrained build operations Thread 81" [_thread_blocked, id=7212, stack(0x000000ae17200000,0x000000ae17300000)]
  0x0000020d9a9d8cb0 JavaThread "Unconstrained build operations Thread 82" [_thread_blocked, id=13652, stack(0x000000ae17300000,0x000000ae17400000)]
  0x0000020d9a9d9b20 JavaThread "Unconstrained build operations Thread 83" [_thread_blocked, id=13424, stack(0x000000ae17400000,0x000000ae17500000)]
  0x0000020d9a9d9180 JavaThread "Unconstrained build operations Thread 84" [_thread_blocked, id=2888, stack(0x000000ae17500000,0x000000ae17600000)]
  0x0000020d9a9d74a0 JavaThread "Unconstrained build operations Thread 85" [_thread_blocked, id=16264, stack(0x000000ae17600000,0x000000ae17700000)]
  0x0000020d9a9d9650 JavaThread "Unconstrained build operations Thread 86" [_thread_blocked, id=18184, stack(0x000000ae17700000,0x000000ae17800000)]
  0x0000020d9a9d7970 JavaThread "Unconstrained build operations Thread 87" [_thread_blocked, id=168, stack(0x000000ae17800000,0x000000ae17900000)]
  0x0000020d9a9d3140 JavaThread "Unconstrained build operations Thread 88" [_thread_blocked, id=3724, stack(0x000000ae17900000,0x000000ae17a00000)]
  0x0000020d9a9d57c0 JavaThread "Unconstrained build operations Thread 89" [_thread_blocked, id=13844, stack(0x000000ae17a00000,0x000000ae17b00000)]
  0x0000020d9a9d7e40 JavaThread "Unconstrained build operations Thread 90" [_thread_blocked, id=15192, stack(0x000000ae17b00000,0x000000ae17c00000)]
  0x0000020d9a9d3ae0 JavaThread "Unconstrained build operations Thread 91" [_thread_blocked, id=12672, stack(0x000000ae17c00000,0x000000ae17d00000)]
  0x0000020d9a9d9ff0 JavaThread "Unconstrained build operations Thread 92" [_thread_blocked, id=11816, stack(0x000000ae17d00000,0x000000ae17e00000)]
  0x0000020d9a9d4480 JavaThread "Unconstrained build operations Thread 93" [_thread_blocked, id=812, stack(0x000000ae17e00000,0x000000ae17f00000)]
  0x0000020d9a9d8310 JavaThread "Unconstrained build operations Thread 94" [_thread_blocked, id=19856, stack(0x000000ae17f00000,0x000000ae18000000)]
  0x0000020d9e9b93c0 JavaThread "Unconstrained build operations Thread 95" [_thread_blocked, id=9888, stack(0x000000ae18000000,0x000000ae18100000)]
  0x0000020d9e9ba700 JavaThread "Unconstrained build operations Thread 96" [_thread_blocked, id=4400, stack(0x000000ae18100000,0x000000ae18200000)]
  0x0000020d9e9bcd80 JavaThread "Unconstrained build operations Thread 97" [_thread_blocked, id=9804, stack(0x000000ae18200000,0x000000ae18300000)]
  0x0000020d9e9bba40 JavaThread "Unconstrained build operations Thread 98" [_thread_blocked, id=16340, stack(0x000000ae18300000,0x000000ae18400000)]
  0x0000020d9e9b8a20 JavaThread "Unconstrained build operations Thread 99" [_thread_blocked, id=19464, stack(0x000000ae18400000,0x000000ae18500000)]
  0x0000020d9e9be590 JavaThread "Unconstrained build operations Thread 100" [_thread_blocked, id=4928, stack(0x000000ae18500000,0x000000ae18600000)]
  0x0000020d9e9bdbf0 JavaThread "Unconstrained build operations Thread 101" [_thread_blocked, id=17752, stack(0x000000ae18600000,0x000000ae18700000)]
  0x0000020d9e9b8080 JavaThread "Unconstrained build operations Thread 102" [_thread_blocked, id=19900, stack(0x000000ae18700000,0x000000ae18800000)]
  0x0000020d9e9b9890 JavaThread "Unconstrained build operations Thread 103" [_thread_blocked, id=15560, stack(0x000000ae18800000,0x000000ae18900000)]
  0x0000020d9e9bc8b0 JavaThread "Unconstrained build operations Thread 104" [_thread_blocked, id=11768, stack(0x000000ae18900000,0x000000ae18a00000)]
  0x0000020d9e9bd250 JavaThread "Unconstrained build operations Thread 105" [_thread_blocked, id=17032, stack(0x000000ae18a00000,0x000000ae18b00000)]
  0x0000020d9e9bbf10 JavaThread "Unconstrained build operations Thread 106" [_thread_blocked, id=5668, stack(0x000000ae18b00000,0x000000ae18c00000)]
  0x0000020d9e9bb0a0 JavaThread "Unconstrained build operations Thread 107" [_thread_blocked, id=19800, stack(0x000000ae18c00000,0x000000ae18d00000)]
  0x0000020d9e9bc3e0 JavaThread "Unconstrained build operations Thread 108" [_thread_blocked, id=10252, stack(0x000000ae18d00000,0x000000ae18e00000)]
  0x0000020d9e9bd720 JavaThread "Unconstrained build operations Thread 109" [_thread_blocked, id=17924, stack(0x000000ae18e00000,0x000000ae18f00000)]
  0x0000020d9e9bef30 JavaThread "Unconstrained build operations Thread 110" [_thread_blocked, id=16708, stack(0x000000ae18f00000,0x000000ae19000000)]
  0x0000020d9e9bf8d0 JavaThread "Unconstrained build operations Thread 111" [_thread_blocked, id=18988, stack(0x000000ae19000000,0x000000ae19100000)]
  0x0000020d9e9b8550 JavaThread "Unconstrained build operations Thread 112" [_thread_blocked, id=2992, stack(0x000000ae19100000,0x000000ae19200000)]
  0x0000020d9e9b8ef0 JavaThread "Unconstrained build operations Thread 113" [_thread_blocked, id=7084, stack(0x000000ae19200000,0x000000ae19300000)]
  0x0000020d9e9be0c0 JavaThread "Unconstrained build operations Thread 114" [_thread_blocked, id=14472, stack(0x000000ae19300000,0x000000ae19400000)]
  0x0000020d9e9b9d60 JavaThread "Unconstrained build operations Thread 115" [_thread_blocked, id=19596, stack(0x000000ae19400000,0x000000ae19500000)]
  0x0000020d9e9ba230 JavaThread "Unconstrained build operations Thread 116" [_thread_blocked, id=18328, stack(0x000000ae19500000,0x000000ae19600000)]
  0x0000020d9e9bea60 JavaThread "Unconstrained build operations Thread 117" [_thread_blocked, id=10708, stack(0x000000ae19600000,0x000000ae19700000)]
  0x0000020d9e9babd0 JavaThread "Unconstrained build operations Thread 118" [_thread_blocked, id=3028, stack(0x000000ae19700000,0x000000ae19800000)]
  0x0000020d9e9bf400 JavaThread "Unconstrained build operations Thread 119" [_thread_blocked, id=16276, stack(0x000000ae19800000,0x000000ae19900000)]
  0x0000020d9e9bb570 JavaThread "Unconstrained build operations Thread 120" [_thread_blocked, id=4708, stack(0x000000ae19900000,0x000000ae19a00000)]
  0x0000020da009bd60 JavaThread "jar transforms Thread 6" [_thread_blocked, id=1136, stack(0x000000ae19a00000,0x000000ae19b00000)]
  0x0000020da009c230 JavaThread "jar transforms Thread 7" [_thread_blocked, id=19256, stack(0x000000ae19b00000,0x000000ae19c00000)]
  0x0000020da0099bb0 JavaThread "jar transforms Thread 8" [_thread_blocked, id=3084, stack(0x000000ae19c00000,0x000000ae19d00000)]
  0x0000020da009cbd0 JavaThread "jar transforms Thread 9" [_thread_blocked, id=19116, stack(0x000000ae19d00000,0x000000ae19e00000)]
  0x0000020da009aa20 JavaThread "jar transforms Thread 10" [_thread_blocked, id=13324, stack(0x000000ae19e00000,0x000000ae19f00000)]
  0x0000020da009a080 JavaThread "jar transforms Thread 11" [_thread_blocked, id=20428, stack(0x000000ae19f00000,0x000000ae1a000000)]
  0x0000020da009a550 JavaThread "jar transforms Thread 12" [_thread_blocked, id=18636, stack(0x000000ae1a000000,0x000000ae1a100000)]
  0x0000020da009c700 JavaThread "Memory manager" [_thread_blocked, id=13608, stack(0x000000ae1a100000,0x000000ae1a200000)]

Other Threads:
  0x0000020d985d9b00 VMThread "VM Thread" [stack: 0x000000ae0ec00000,0x000000ae0ed00000] [id=11872]
  0x0000020d992265e0 WatcherThread [stack: 0x000000ae0f800000,0x000000ae0f900000] [id=14716]
  0x0000020dfe21c5d0 GCTaskThread "GC Thread#0" [stack: 0x000000ae0e700000,0x000000ae0e800000] [id=3076]
  0x0000020d99cb7e50 GCTaskThread "GC Thread#1" [stack: 0x000000ae0fb00000,0x000000ae0fc00000] [id=18172]
  0x0000020d99cb8100 GCTaskThread "GC Thread#2" [stack: 0x000000ae0fc00000,0x000000ae0fd00000] [id=7028]
  0x0000020d99e91c90 GCTaskThread "GC Thread#3" [stack: 0x000000ae0fd00000,0x000000ae0fe00000] [id=5296]
  0x0000020d99e92350 GCTaskThread "GC Thread#4" [stack: 0x000000ae0fe00000,0x000000ae0ff00000] [id=5292]
  0x0000020d99e92a10 GCTaskThread "GC Thread#5" [stack: 0x000000ae0ff00000,0x000000ae10000000] [id=12072]
  0x0000020d9bd0b7d0 GCTaskThread "GC Thread#6" [stack: 0x000000ae10b00000,0x000000ae10c00000] [id=19284]
  0x0000020d9bd0ba80 GCTaskThread "GC Thread#7" [stack: 0x000000ae10c00000,0x000000ae10d00000] [id=9568]
  0x0000020d9bd0d000 GCTaskThread "GC Thread#8" [stack: 0x000000ae10d00000,0x000000ae10e00000] [id=5340]
  0x0000020d9bd0bd30 GCTaskThread "GC Thread#9" [stack: 0x000000ae10e00000,0x000000ae10f00000] [id=17960]
  0x0000020dfe22d420 ConcurrentGCThread "G1 Main Marker" [stack: 0x000000ae0e800000,0x000000ae0e900000] [id=3064]
  0x0000020dfe22ed50 ConcurrentGCThread "G1 Conc#0" [stack: 0x000000ae0e900000,0x000000ae0ea00000] [id=6740]
  0x0000020d9bd0caa0 ConcurrentGCThread "G1 Conc#1" [stack: 0x000000ae10f00000,0x000000ae11000000] [id=17984]
  0x0000020d9bd0bfe0 ConcurrentGCThread "G1 Conc#2" [stack: 0x000000ae11000000,0x000000ae11100000] [id=4172]
  0x0000020dfe28e3b0 ConcurrentGCThread "G1 Refine#0" [stack: 0x000000ae0ea00000,0x000000ae0eb00000] [id=20564]
  0x0000020dfe28ebe0 ConcurrentGCThread "G1 Service" [stack: 0x000000ae0eb00000,0x000000ae0ec00000] [id=2296]

Threads with active compile tasks:
C2 CompilerThread1     9365 7090       4       com.sun.beans.TypeResolver::resolve (37 bytes)
C2 CompilerThread2     9365 7135       4       sun.reflect.generics.parser.SignatureParser::parsePackageNameAndSimpleClassTypeSignature (119 bytes)

VM state: not at safepoint (normal execution)

VM Mutex/Monitor currently owned by a thread: None

Heap address: 0x0000000080000000, size: 2048 MB, Compressed Oops mode: 32-bit

CDS archive(s) not mapped
Compressed class space mapped at: 0x0000000100000000-0x0000000140000000, reserved size: 1073741824
Narrow klass base: 0x0000000000000000, Narrow klass shift: 3, Narrow klass range: 0x140000000

GC Precious Log:
 CPUs: 12 total, 12 available
 Memory: 16147M
 Large Page Support: Disabled
 NUMA Support: Disabled
 Compressed Oops: Enabled (32-bit)
 Heap Region Size: 1M
 Heap Min Capacity: 8M
 Heap Initial Capacity: 254M
 Heap Max Capacity: 2G
 Pre-touch: Disabled
 Parallel Workers: 10
 Concurrent Workers: 3
 Concurrent Refinement Workers: 10
 Periodic GC: Disabled

Heap:
 garbage-first heap   total 121856K, used 77199K [0x0000000080000000, 0x0000000100000000)
  region size 1024K, 17 young (17408K), 3 survivors (3072K)
 Metaspace       used 70728K, committed 71232K, reserved 1114112K
  class space    used 9299K, committed 9536K, reserved 1048576K

Heap Regions: E=young(eden), S=young(survivor), O=old, HS=humongous(starts), HC=humongous(continues), CS=collection set, F=free, OA=open archive, CA=closed archive, TAMS=top-at-mark-start (previous, next)
|   0|0x0000000080000000, 0x0000000080100000, 0x0000000080100000|100%| O|  |TAMS 0x0000000080100000, 0x0000000080000000| Untracked 
|   1|0x0000000080100000, 0x0000000080200000, 0x0000000080200000|100%| O|  |TAMS 0x0000000080200000, 0x0000000080100000| Untracked 
|   2|0x0000000080200000, 0x0000000080300000, 0x0000000080300000|100%| O|  |TAMS 0x0000000080300000, 0x0000000080200000| Untracked 
|   3|0x0000000080300000, 0x0000000080400000, 0x0000000080400000|100%|HS|  |TAMS 0x0000000080400000, 0x0000000080300000| Complete 
|   4|0x0000000080400000, 0x0000000080500000, 0x0000000080500000|100%|HC|  |TAMS 0x0000000080500000, 0x0000000080400000| Complete 
|   5|0x0000000080500000, 0x0000000080600000, 0x0000000080600000|100%|HC|  |TAMS 0x0000000080600000, 0x0000000080500000| Complete 
|   6|0x0000000080600000, 0x0000000080700000, 0x0000000080700000|100%| O|  |TAMS 0x0000000080700000, 0x0000000080600000| Untracked 
|   7|0x0000000080700000, 0x0000000080800000, 0x0000000080800000|100%| O|  |TAMS 0x0000000080800000, 0x0000000080700000| Untracked 
|   8|0x0000000080800000, 0x0000000080900000, 0x0000000080900000|100%| O|  |TAMS 0x0000000080900000, 0x0000000080800000| Untracked 
|   9|0x0000000080900000, 0x0000000080a00000, 0x0000000080a00000|100%| O|  |TAMS 0x0000000080a00000, 0x0000000080900000| Untracked 
|  10|0x0000000080a00000, 0x0000000080a3e800, 0x0000000080b00000| 24%| O|  |TAMS 0x0000000080a3e800, 0x0000000080a00000| Untracked 
|  11|0x0000000080b00000, 0x0000000080c00000, 0x0000000080c00000|100%| O|  |TAMS 0x0000000080c00000, 0x0000000080b00000| Untracked 
|  12|0x0000000080c00000, 0x0000000080d00000, 0x0000000080d00000|100%| O|  |TAMS 0x0000000080d00000, 0x0000000080c00000| Untracked 
|  13|0x0000000080d00000, 0x0000000080e00000, 0x0000000080e00000|100%| O|  |TAMS 0x0000000080e00000, 0x0000000080d00000| Untracked 
|  14|0x0000000080e00000, 0x0000000080f00000, 0x0000000080f00000|100%| O|  |TAMS 0x0000000080f00000, 0x0000000080e00000| Untracked 
|  15|0x0000000080f00000, 0x0000000081000000, 0x0000000081000000|100%| O|  |TAMS 0x0000000081000000, 0x0000000080f00000| Untracked 
|  16|0x0000000081000000, 0x0000000081100000, 0x0000000081100000|100%| O|  |TAMS 0x0000000081100000, 0x0000000081000000| Untracked 
|  17|0x0000000081100000, 0x0000000081200000, 0x0000000081200000|100%| O|  |TAMS 0x0000000081200000, 0x0000000081100000| Untracked 
|  18|0x0000000081200000, 0x0000000081300000, 0x0000000081300000|100%| O|  |TAMS 0x0000000081300000, 0x0000000081200000| Untracked 
|  19|0x0000000081300000, 0x0000000081400000, 0x0000000081400000|100%| O|  |TAMS 0x0000000081400000, 0x0000000081300000| Untracked 
|  20|0x0000000081400000, 0x0000000081500000, 0x0000000081500000|100%| O|  |TAMS 0x0000000081500000, 0x0000000081400000| Untracked 
|  21|0x0000000081500000, 0x0000000081600000, 0x0000000081600000|100%| O|  |TAMS 0x0000000081600000, 0x0000000081500000| Untracked 
|  22|0x0000000081600000, 0x0000000081700000, 0x0000000081700000|100%| O|  |TAMS 0x0000000081700000, 0x0000000081600000| Untracked 
|  23|0x0000000081700000, 0x0000000081800000, 0x0000000081800000|100%| O|  |TAMS 0x0000000081800000, 0x0000000081700000| Untracked 
|  24|0x0000000081800000, 0x0000000081900000, 0x0000000081900000|100%| O|  |TAMS 0x0000000081900000, 0x0000000081800000| Untracked 
|  25|0x0000000081900000, 0x0000000081a00000, 0x0000000081a00000|100%| O|  |TAMS 0x0000000081a00000, 0x0000000081900000| Untracked 
|  26|0x0000000081a00000, 0x0000000081b00000, 0x0000000081b00000|100%| O|  |TAMS 0x0000000081b00000, 0x0000000081a00000| Untracked 
|  27|0x0000000081b00000, 0x0000000081c00000, 0x0000000081c00000|100%| O|  |TAMS 0x0000000081c00000, 0x0000000081b00000| Untracked 
|  28|0x0000000081c00000, 0x0000000081d00000, 0x0000000081d00000|100%| O|  |TAMS 0x0000000081d00000, 0x0000000081c00000| Untracked 
|  29|0x0000000081d00000, 0x0000000081e00000, 0x0000000081e00000|100%| O|  |TAMS 0x0000000081e00000, 0x0000000081d00000| Untracked 
|  30|0x0000000081e00000, 0x0000000081f00000, 0x0000000081f00000|100%| O|  |TAMS 0x0000000081f00000, 0x0000000081e00000| Untracked 
|  31|0x0000000081f00000, 0x0000000082000000, 0x0000000082000000|100%| O|  |TAMS 0x0000000082000000, 0x0000000081f00000| Untracked 
|  32|0x0000000082000000, 0x0000000082100000, 0x0000000082100000|100%| O|  |TAMS 0x0000000082100000, 0x0000000082000000| Untracked 
|  33|0x0000000082100000, 0x0000000082200000, 0x0000000082200000|100%| O|  |TAMS 0x0000000082200000, 0x0000000082100000| Untracked 
|  34|0x0000000082200000, 0x0000000082300000, 0x0000000082300000|100%| O|  |TAMS 0x0000000082300000, 0x0000000082200000| Untracked 
|  35|0x0000000082300000, 0x0000000082400000, 0x0000000082400000|100%|HS|  |TAMS 0x0000000082400000, 0x0000000082300000| Complete 
|  36|0x0000000082400000, 0x0000000082500000, 0x0000000082500000|100%|HS|  |TAMS 0x0000000082500000, 0x0000000082400000| Complete 
|  37|0x0000000082500000, 0x0000000082600000, 0x0000000082600000|100%|HS|  |TAMS 0x0000000082600000, 0x0000000082500000| Complete 
|  38|0x0000000082600000, 0x0000000082700000, 0x0000000082700000|100%|HS|  |TAMS 0x0000000082700000, 0x0000000082600000| Complete 
|  39|0x0000000082700000, 0x0000000082800000, 0x0000000082800000|100%|HS|  |TAMS 0x0000000082800000, 0x0000000082700000| Complete 
|  40|0x0000000082800000, 0x0000000082900000, 0x0000000082900000|100%|HC|  |TAMS 0x0000000082900000, 0x0000000082800000| Complete 
|  41|0x0000000082900000, 0x0000000082a00000, 0x0000000082a00000|100%|HC|  |TAMS 0x0000000082a00000, 0x0000000082900000| Complete 
|  42|0x0000000082a00000, 0x0000000082b00000, 0x0000000082b00000|100%| O|  |TAMS 0x0000000082b00000, 0x0000000082a00000| Untracked 
|  43|0x0000000082b00000, 0x0000000082c00000, 0x0000000082c00000|100%| O|  |TAMS 0x0000000082c00000, 0x0000000082b00000| Untracked 
|  44|0x0000000082c00000, 0x0000000082d00000, 0x0000000082d00000|100%| O|  |TAMS 0x0000000082d00000, 0x0000000082c00000| Untracked 
|  45|0x0000000082d00000, 0x0000000082e00000, 0x0000000082e00000|100%|HS|  |TAMS 0x0000000082e00000, 0x0000000082d00000| Complete 
|  46|0x0000000082e00000, 0x0000000082f00000, 0x0000000082f00000|100%|HC|  |TAMS 0x0000000082f00000, 0x0000000082e00000| Complete 
|  47|0x0000000082f00000, 0x0000000083000000, 0x0000000083000000|100%| O|  |TAMS 0x0000000083000000, 0x0000000082f00000| Untracked 
|  48|0x0000000083000000, 0x0000000083100000, 0x0000000083100000|100%| O|  |TAMS 0x0000000083100000, 0x0000000083000000| Untracked 
|  49|0x0000000083100000, 0x0000000083200000, 0x0000000083200000|100%| O|  |TAMS 0x0000000083200000, 0x0000000083100000| Untracked 
|  50|0x0000000083200000, 0x0000000083300000, 0x0000000083300000|100%| O|  |TAMS 0x0000000083300000, 0x0000000083200000| Untracked 
|  51|0x0000000083300000, 0x0000000083400000, 0x0000000083400000|100%| O|  |TAMS 0x0000000083400000, 0x0000000083300000| Untracked 
|  52|0x0000000083400000, 0x0000000083500000, 0x0000000083500000|100%| O|  |TAMS 0x0000000083500000, 0x0000000083400000| Untracked 
|  53|0x0000000083500000, 0x0000000083600000, 0x0000000083600000|100%| O|  |TAMS 0x0000000083600000, 0x0000000083500000| Untracked 
|  54|0x0000000083600000, 0x0000000083700000, 0x0000000083700000|100%| O|  |TAMS 0x0000000083700000, 0x0000000083600000| Untracked 
|  55|0x0000000083700000, 0x0000000083800000, 0x0000000083800000|100%| O|  |TAMS 0x0000000083800000, 0x0000000083700000| Untracked 
|  56|0x0000000083800000, 0x0000000083900000, 0x0000000083900000|100%| O|  |TAMS 0x0000000083828e00, 0x0000000083800000| Untracked 
|  57|0x0000000083900000, 0x0000000083a00000, 0x0000000083a00000|100%| O|  |TAMS 0x0000000083900000, 0x0000000083900000| Untracked 
|  58|0x0000000083a00000, 0x0000000083b00000, 0x0000000083b00000|100%| O|  |TAMS 0x0000000083a00000, 0x0000000083a00000| Untracked 
|  59|0x0000000083b00000, 0x0000000083c00000, 0x0000000083c00000|100%| O|  |TAMS 0x0000000083b00000, 0x0000000083b00000| Untracked 
|  60|0x0000000083c00000, 0x0000000083c25600, 0x0000000083d00000| 14%| O|  |TAMS 0x0000000083c00000, 0x0000000083c00000| Untracked 
|  61|0x0000000083d00000, 0x0000000083d00000, 0x0000000083e00000|  0%| F|  |TAMS 0x0000000083d00000, 0x0000000083d00000| Untracked 
|  62|0x0000000083e00000, 0x0000000083e00000, 0x0000000083f00000|  0%| F|  |TAMS 0x0000000083e00000, 0x0000000083e00000| Untracked 
|  63|0x0000000083f00000, 0x0000000083f00000, 0x0000000084000000|  0%| F|  |TAMS 0x0000000083f00000, 0x0000000083f00000| Untracked 
|  64|0x0000000084000000, 0x0000000084000000, 0x0000000084100000|  0%| F|  |TAMS 0x0000000084000000, 0x0000000084000000| Untracked 
|  65|0x0000000084100000, 0x0000000084100000, 0x0000000084200000|  0%| F|  |TAMS 0x0000000084100000, 0x0000000084100000| Untracked 
|  66|0x0000000084200000, 0x0000000084200000, 0x0000000084300000|  0%| F|  |TAMS 0x0000000084200000, 0x0000000084200000| Untracked 
|  67|0x0000000084300000, 0x0000000084300000, 0x0000000084400000|  0%| F|  |TAMS 0x0000000084300000, 0x0000000084300000| Untracked 
|  68|0x0000000084400000, 0x0000000084400000, 0x0000000084500000|  0%| F|  |TAMS 0x0000000084400000, 0x0000000084400000| Untracked 
|  69|0x0000000084500000, 0x0000000084500000, 0x0000000084600000|  0%| F|  |TAMS 0x0000000084500000, 0x0000000084500000| Untracked 
|  70|0x0000000084600000, 0x0000000084600000, 0x0000000084700000|  0%| F|  |TAMS 0x0000000084600000, 0x0000000084600000| Untracked 
|  71|0x0000000084700000, 0x0000000084700000, 0x0000000084800000|  0%| F|  |TAMS 0x0000000084700000, 0x0000000084700000| Untracked 
|  72|0x0000000084800000, 0x0000000084800000, 0x0000000084900000|  0%| F|  |TAMS 0x0000000084800000, 0x0000000084800000| Untracked 
|  73|0x0000000084900000, 0x0000000084900000, 0x0000000084a00000|  0%| F|  |TAMS 0x0000000084900000, 0x0000000084900000| Untracked 
|  74|0x0000000084a00000, 0x0000000084a00000, 0x0000000084b00000|  0%| F|  |TAMS 0x0000000084a00000, 0x0000000084a00000| Untracked 
|  75|0x0000000084b00000, 0x0000000084b00000, 0x0000000084c00000|  0%| F|  |TAMS 0x0000000084b00000, 0x0000000084b00000| Untracked 
|  76|0x0000000084c00000, 0x0000000084c00000, 0x0000000084d00000|  0%| F|  |TAMS 0x0000000084c00000, 0x0000000084c00000| Untracked 
|  77|0x0000000084d00000, 0x0000000084d00000, 0x0000000084e00000|  0%| F|  |TAMS 0x0000000084d00000, 0x0000000084d00000| Untracked 
|  78|0x0000000084e00000, 0x0000000084e00000, 0x0000000084f00000|  0%| F|  |TAMS 0x0000000084e00000, 0x0000000084e00000| Untracked 
|  79|0x0000000084f00000, 0x0000000084f00000, 0x0000000085000000|  0%| F|  |TAMS 0x0000000084f00000, 0x0000000084f00000| Untracked 
|  80|0x0000000085000000, 0x0000000085000000, 0x0000000085100000|  0%| F|  |TAMS 0x0000000085000000, 0x0000000085000000| Untracked 
|  81|0x0000000085100000, 0x0000000085100000, 0x0000000085200000|  0%| F|  |TAMS 0x0000000085100000, 0x0000000085100000| Untracked 
|  82|0x0000000085200000, 0x0000000085200000, 0x0000000085300000|  0%| F|  |TAMS 0x0000000085200000, 0x0000000085200000| Untracked 
|  83|0x0000000085300000, 0x0000000085300000, 0x0000000085400000|  0%| F|  |TAMS 0x0000000085300000, 0x0000000085300000| Untracked 
|  84|0x0000000085400000, 0x0000000085500000, 0x0000000085500000|100%| S|CS|TAMS 0x0000000085400000, 0x0000000085400000| Complete 
|  85|0x0000000085500000, 0x0000000085600000, 0x0000000085600000|100%| S|CS|TAMS 0x0000000085500000, 0x0000000085500000| Complete 
|  86|0x0000000085600000, 0x0000000085700000, 0x0000000085700000|100%| S|CS|TAMS 0x0000000085600000, 0x0000000085600000| Complete 
|  87|0x0000000085700000, 0x0000000085700000, 0x0000000085800000|  0%| F|  |TAMS 0x0000000085700000, 0x0000000085700000| Untracked 
|  88|0x0000000085800000, 0x0000000085800000, 0x0000000085900000|  0%| F|  |TAMS 0x0000000085800000, 0x0000000085800000| Untracked 
|  89|0x0000000085900000, 0x0000000085900000, 0x0000000085a00000|  0%| F|  |TAMS 0x0000000085900000, 0x0000000085900000| Untracked 
|  90|0x0000000085a00000, 0x0000000085a00000, 0x0000000085b00000|  0%| F|  |TAMS 0x0000000085a00000, 0x0000000085a00000| Untracked 
|  91|0x0000000085b00000, 0x0000000085b00000, 0x0000000085c00000|  0%| F|  |TAMS 0x0000000085b00000, 0x0000000085b00000| Untracked 
|  92|0x0000000085c00000, 0x0000000085c00000, 0x0000000085d00000|  0%| F|  |TAMS 0x0000000085c00000, 0x0000000085c00000| Untracked 
|  93|0x0000000085d00000, 0x0000000085d00000, 0x0000000085e00000|  0%| F|  |TAMS 0x0000000085d00000, 0x0000000085d00000| Untracked 
|  94|0x0000000085e00000, 0x0000000085e00000, 0x0000000085f00000|  0%| F|  |TAMS 0x0000000085e00000, 0x0000000085e00000| Untracked 
|  95|0x0000000085f00000, 0x0000000085f00000, 0x0000000086000000|  0%| F|  |TAMS 0x0000000085f00000, 0x0000000085f00000| Untracked 
|  96|0x0000000086000000, 0x0000000086000000, 0x0000000086100000|  0%| F|  |TAMS 0x0000000086000000, 0x0000000086000000| Untracked 
|  97|0x0000000086100000, 0x0000000086100000, 0x0000000086200000|  0%| F|  |TAMS 0x0000000086100000, 0x0000000086100000| Untracked 
|  98|0x0000000086200000, 0x0000000086200000, 0x0000000086300000|  0%| F|  |TAMS 0x0000000086200000, 0x0000000086200000| Untracked 
|  99|0x0000000086300000, 0x0000000086300000, 0x0000000086400000|  0%| F|  |TAMS 0x0000000086300000, 0x0000000086300000| Untracked 
| 100|0x0000000086400000, 0x0000000086400000, 0x0000000086500000|  0%| F|  |TAMS 0x0000000086400000, 0x0000000086400000| Untracked 
| 101|0x0000000086500000, 0x0000000086500000, 0x0000000086600000|  0%| F|  |TAMS 0x0000000086500000, 0x0000000086500000| Untracked 
| 102|0x0000000086600000, 0x0000000086600000, 0x0000000086700000|  0%| F|  |TAMS 0x0000000086600000, 0x0000000086600000| Untracked 
| 103|0x0000000086700000, 0x0000000086700000, 0x0000000086800000|  0%| F|  |TAMS 0x0000000086700000, 0x0000000086700000| Untracked 
| 104|0x0000000086800000, 0x0000000086800000, 0x0000000086900000|  0%| F|  |TAMS 0x0000000086800000, 0x0000000086800000| Untracked 
| 105|0x0000000086900000, 0x0000000086980638, 0x0000000086a00000| 50%| E|  |TAMS 0x0000000086900000, 0x0000000086900000| Complete 
| 106|0x0000000086a00000, 0x0000000086b00000, 0x0000000086b00000|100%| E|CS|TAMS 0x0000000086a00000, 0x0000000086a00000| Complete 
| 107|0x0000000086b00000, 0x0000000086c00000, 0x0000000086c00000|100%| E|CS|TAMS 0x0000000086b00000, 0x0000000086b00000| Complete 
| 108|0x0000000086c00000, 0x0000000086d00000, 0x0000000086d00000|100%| E|CS|TAMS 0x0000000086c00000, 0x0000000086c00000| Complete 
| 202|0x000000008ca00000, 0x000000008cb00000, 0x000000008cb00000|100%| E|CS|TAMS 0x000000008ca00000, 0x000000008ca00000| Complete 
| 203|0x000000008cb00000, 0x000000008cc00000, 0x000000008cc00000|100%| E|CS|TAMS 0x000000008cb00000, 0x000000008cb00000| Complete 
| 204|0x000000008cc00000, 0x000000008cd00000, 0x000000008cd00000|100%| E|CS|TAMS 0x000000008cc00000, 0x000000008cc00000| Complete 
| 205|0x000000008cd00000, 0x000000008ce00000, 0x000000008ce00000|100%| E|CS|TAMS 0x000000008cd00000, 0x000000008cd00000| Complete 
| 206|0x000000008ce00000, 0x000000008cf00000, 0x000000008cf00000|100%| E|CS|TAMS 0x000000008ce00000, 0x000000008ce00000| Complete 
| 207|0x000000008cf00000, 0x000000008d000000, 0x000000008d000000|100%| E|CS|TAMS 0x000000008cf00000, 0x000000008cf00000| Complete 
| 208|0x000000008d000000, 0x000000008d100000, 0x000000008d100000|100%| E|CS|TAMS 0x000000008d000000, 0x000000008d000000| Complete 
| 209|0x000000008d100000, 0x000000008d200000, 0x000000008d200000|100%| E|CS|TAMS 0x000000008d100000, 0x000000008d100000| Complete 
| 210|0x000000008d200000, 0x000000008d300000, 0x000000008d300000|100%| E|CS|TAMS 0x000000008d200000, 0x000000008d200000| Complete 
| 253|0x000000008fd00000, 0x000000008fe00000, 0x000000008fe00000|100%| E|CS|TAMS 0x000000008fd00000, 0x000000008fd00000| Complete 

Card table byte_map: [0x0000020dfebe0000,0x0000020dfefe0000] _byte_map_base: 0x0000020dfe7e0000

Marking Bits (Prev, Next): (CMBitMap*) 0x0000020dfe21caf0, (CMBitMap*) 0x0000020dfe21cb30
 Prev Bits: [0x0000020d92400000, 0x0000020d94400000)
 Next Bits: [0x0000020d94400000, 0x0000020d96400000)

Polling page: 0x0000020dfc160000

Metaspace:

Usage:
  Non-class:     60.01 MB used.
      Class:      9.09 MB used.
       Both:     69.10 MB used.

Virtual space:
  Non-class space:       64.00 MB reserved,      60.25 MB ( 94%) committed,  8 nodes.
      Class space:        1.00 GB reserved,       9.38 MB ( <1%) committed,  1 nodes.
             Both:        1.06 GB reserved,      69.62 MB (  6%) committed. 

Chunk freelists:
   Non-Class:  3.12 MB
       Class:  2.67 MB
        Both:  5.80 MB

MaxMetaspaceSize: unlimited
CompressedClassSpaceSize: 1.00 GB
Initial GC threshold: 21.00 MB
Current GC threshold: 113.75 MB
CDS: off
MetaspaceReclaimPolicy: balanced
 - commit_granule_bytes: 65536.
 - commit_granule_words: 8192.
 - virtual_space_node_default_size: 1048576.
 - enlarge_chunks_in_place: 1.
 - new_chunks_are_fully_committed: 0.
 - uncommit_free_chunks: 1.
 - use_allocation_guard: 0.
 - handle_deallocations: 1.


Internal statistics:

num_allocs_failed_limit: 6.
num_arena_births: 546.
num_arena_deaths: 0.
num_vsnodes_births: 9.
num_vsnodes_deaths: 0.
num_space_committed: 1114.
num_space_uncommitted: 0.
num_chunks_returned_to_freelist: 6.
num_chunks_taken_from_freelist: 2880.
num_chunk_merges: 3.
num_chunk_splits: 1945.
num_chunks_enlarged: 1384.
num_purges: 0.
num_inconsistent_stats: 0.

CodeHeap 'non-profiled nmethods': size=120000Kb used=4012Kb max_used=4012Kb free=115987Kb
 bounds [0x0000020d8aed0000, 0x0000020d8b2c0000, 0x0000020d92400000]
CodeHeap 'profiled nmethods': size=120000Kb used=12396Kb max_used=12396Kb free=107603Kb
 bounds [0x0000020d83400000, 0x0000020d84020000, 0x0000020d8a930000]
CodeHeap 'non-nmethods': size=5760Kb used=2364Kb max_used=2416Kb free=3395Kb
 bounds [0x0000020d8a930000, 0x0000020d8aba0000, 0x0000020d8aed0000]
 total_blobs=7275 nmethods=6401 adapters=785
 compilation: enabled
              stopped_count=0, restarted_count=0
 full_count=0

Compilation events (20 events):
Event: 9.294 Thread 0x0000020d9908f5e0 7190       1       org.gradle.api.internal.project.DefaultProject::getGradle (5 bytes)
Event: 9.294 Thread 0x0000020d9908f5e0 nmethod 7190 0x0000020d8b2ba690 code [0x0000020d8b2ba820, 0x0000020d8b2ba8f8]
Event: 9.294 Thread 0x0000020d9908f5e0 7191       3       org.gradle.api.internal.tasks.DefaultTaskContainer_Decorated::getEventRegister (39 bytes)
Event: 9.295 Thread 0x0000020d9908f5e0 nmethod 7191 0x0000020d84018e10 code [0x0000020d84018fe0, 0x0000020d84019358]
Event: 9.310 Thread 0x0000020d99086810 7192       4       java.util.concurrent.locks.LockSupport::setBlocker (12 bytes)
Event: 9.312 Thread 0x0000020d99086810 nmethod 7192 0x0000020d8b2ba990 code [0x0000020d8b2bab00, 0x0000020d8b2bac18]
Event: 9.313 Thread 0x0000020d9908f5e0 7193       1       org.gradle.api.internal.provider.DefaultProperty::getType (5 bytes)
Event: 9.313 Thread 0x0000020d9908f5e0 nmethod 7193 0x0000020d8b2bac90 code [0x0000020d8b2bae20, 0x0000020d8b2baef8]
Event: 9.314 Thread 0x0000020d9908f5e0 7194       3       com.google.common.collect.RegularImmutableMap::get (13 bytes)
Event: 9.314 Thread 0x0000020d9908f5e0 nmethod 7194 0x0000020d84019490 code [0x0000020d84019620, 0x0000020d84019768]
Event: 9.314 Thread 0x0000020d9908f5e0 7195       3       com.google.common.collect.RegularImmutableMap::get (64 bytes)
Event: 9.314 Thread 0x0000020d9908f5e0 nmethod 7195 0x0000020d84019810 code [0x0000020d84019a20, 0x0000020d84019fb8]
Event: 9.314 Thread 0x0000020d9908f5e0 7196       3       org.gradle.api.internal.provider.DefaultValueSourceProviderFactory$NonConfigurationTimeProvider::forUseAtConfigurationTime (12 bytes)
Event: 9.315 Thread 0x0000020d9908f5e0 nmethod 7196 0x0000020d8401a190 code [0x0000020d8401a340, 0x0000020d8401a678]
Event: 9.315 Thread 0x0000020d9908f5e0 7197       3       org.gradle.api.internal.provider.DefaultValueSourceProviderFactory$ConfigurationTimeProvider::<init> (6 bytes)
Event: 9.315 Thread 0x0000020d9908f5e0 nmethod 7197 0x0000020d8401a810 code [0x0000020d8401a9c0, 0x0000020d8401ac38]
Event: 9.331 Thread 0x0000020d9908f5e0 7198       3       org.gradle.api.internal.project.DefaultProject::projectPath (9 bytes)
Event: 9.331 Thread 0x0000020d9908f5e0 nmethod 7198 0x0000020d8401ad90 code [0x0000020d8401af40, 0x0000020d8401b1c8]
Event: 9.331 Thread 0x0000020d9908f5e0 7199       3       org.gradle.api.internal.project.DefaultProject::identityPath (9 bytes)
Event: 9.331 Thread 0x0000020d9908f5e0 nmethod 7199 0x0000020d8401b310 code [0x0000020d8401b4c0, 0x0000020d8401b748]

GC Heap History (20 events):
Event: 6.502 GC heap before
{Heap before GC invocations=20 (full 0):
 garbage-first heap   total 89088K, used 61763K [0x0000000080000000, 0x0000000100000000)
  region size 1024K, 15 young (15360K), 3 survivors (3072K)
 Metaspace       used 50309K, committed 50816K, reserved 1097728K
  class space    used 6622K, committed 6848K, reserved 1048576K
}
Event: 6.504 GC heap after
{Heap after GC invocations=21 (full 0):
 garbage-first heap   total 89088K, used 51526K [0x0000000080000000, 0x0000000100000000)
  region size 1024K, 2 young (2048K), 2 survivors (2048K)
 Metaspace       used 50309K, committed 50816K, reserved 1097728K
  class space    used 6622K, committed 6848K, reserved 1048576K
}
Event: 6.643 GC heap before
{Heap before GC invocations=21 (full 0):
 garbage-first heap   total 89088K, used 62790K [0x0000000080000000, 0x0000000100000000)
  region size 1024K, 14 young (14336K), 2 survivors (2048K)
 Metaspace       used 52142K, committed 52544K, reserved 1097728K
  class space    used 6848K, committed 7040K, reserved 1048576K
}
Event: 6.646 GC heap after
{Heap after GC invocations=22 (full 0):
 garbage-first heap   total 89088K, used 52078K [0x0000000080000000, 0x0000000100000000)
  region size 1024K, 1 young (1024K), 1 survivors (1024K)
 Metaspace       used 52142K, committed 52544K, reserved 1097728K
  class space    used 6848K, committed 7040K, reserved 1048576K
}
Event: 6.899 GC heap before
{Heap before GC invocations=23 (full 0):
 garbage-first heap   total 94208K, used 65390K [0x0000000080000000, 0x0000000100000000)
  region size 1024K, 14 young (14336K), 1 survivors (1024K)
 Metaspace       used 54555K, committed 55040K, reserved 1097728K
  class space    used 7184K, committed 7424K, reserved 1048576K
}
Event: 6.901 GC heap after
{Heap after GC invocations=24 (full 0):
 garbage-first heap   total 94208K, used 52605K [0x0000000080000000, 0x0000000100000000)
  region size 1024K, 2 young (2048K), 2 survivors (2048K)
 Metaspace       used 54555K, committed 55040K, reserved 1097728K
  class space    used 7184K, committed 7424K, reserved 1048576K
}
Event: 7.322 GC heap before
{Heap before GC invocations=24 (full 0):
 garbage-first heap   total 94208K, used 67965K [0x0000000080000000, 0x0000000100000000)
  region size 1024K, 17 young (17408K), 2 survivors (2048K)
 Metaspace       used 57456K, committed 57984K, reserved 1105920K
  class space    used 7507K, committed 7744K, reserved 1048576K
}
Event: 7.327 GC heap after
{Heap after GC invocations=25 (full 0):
 garbage-first heap   total 94208K, used 53177K [0x0000000080000000, 0x0000000100000000)
  region size 1024K, 2 young (2048K), 2 survivors (2048K)
 Metaspace       used 57456K, committed 57984K, reserved 1105920K
  class space    used 7507K, committed 7744K, reserved 1048576K
}
Event: 7.810 GC heap before
{Heap before GC invocations=26 (full 0):
 garbage-first heap   total 94208K, used 70585K [0x0000000080000000, 0x0000000100000000)
  region size 1024K, 19 young (19456K), 2 survivors (2048K)
 Metaspace       used 61244K, committed 61632K, reserved 1105920K
  class space    used 8010K, committed 8192K, reserved 1048576K
}
Event: 7.812 GC heap after
{Heap after GC invocations=27 (full 0):
 garbage-first heap   total 94208K, used 54632K [0x0000000080000000, 0x0000000100000000)
  region size 1024K, 3 young (3072K), 3 survivors (3072K)
 Metaspace       used 61244K, committed 61632K, reserved 1105920K
  class space    used 8010K, committed 8192K, reserved 1048576K
}
Event: 7.994 GC heap before
{Heap before GC invocations=27 (full 0):
 garbage-first heap   total 94208K, used 71016K [0x0000000080000000, 0x0000000100000000)
  region size 1024K, 20 young (20480K), 3 survivors (3072K)
 Metaspace       used 62629K, committed 63104K, reserved 1105920K
  class space    used 8184K, committed 8384K, reserved 1048576K
}
Event: 7.999 GC heap after
{Heap after GC invocations=28 (full 0):
 garbage-first heap   total 94208K, used 56662K [0x0000000080000000, 0x0000000100000000)
  region size 1024K, 3 young (3072K), 3 survivors (3072K)
 Metaspace       used 62629K, committed 63104K, reserved 1105920K
  class space    used 8184K, committed 8384K, reserved 1048576K
}
Event: 8.230 GC heap before
{Heap before GC invocations=29 (full 0):
 garbage-first heap   total 101376K, used 73046K [0x0000000080000000, 0x0000000100000000)
  region size 1024K, 19 young (19456K), 3 survivors (3072K)
 Metaspace       used 64148K, committed 64640K, reserved 1105920K
  class space    used 8369K, committed 8576K, reserved 1048576K
}
Event: 8.233 GC heap after
{Heap after GC invocations=30 (full 0):
 garbage-first heap   total 101376K, used 58091K [0x0000000080000000, 0x0000000100000000)
  region size 1024K, 2 young (2048K), 2 survivors (2048K)
 Metaspace       used 64148K, committed 64640K, reserved 1105920K
  class space    used 8369K, committed 8576K, reserved 1048576K
}
Event: 8.302 GC heap before
{Heap before GC invocations=30 (full 0):
 garbage-first heap   total 101376K, used 62187K [0x0000000080000000, 0x0000000100000000)
  region size 1024K, 7 young (7168K), 2 survivors (2048K)
 Metaspace       used 64655K, committed 65152K, reserved 1105920K
  class space    used 8416K, committed 8640K, reserved 1048576K
}
Event: 8.304 GC heap after
{Heap after GC invocations=31 (full 0):
 garbage-first heap   total 121856K, used 58574K [0x0000000080000000, 0x0000000100000000)
  region size 1024K, 2 young (2048K), 2 survivors (2048K)
 Metaspace       used 64655K, committed 65152K, reserved 1105920K
  class space    used 8416K, committed 8640K, reserved 1048576K
}
Event: 8.796 GC heap before
{Heap before GC invocations=32 (full 0):
 garbage-first heap   total 121856K, used 93390K [0x0000000080000000, 0x0000000100000000)
  region size 1024K, 35 young (35840K), 2 survivors (2048K)
 Metaspace       used 67752K, committed 68288K, reserved 1114112K
  class space    used 8836K, committed 9088K, reserved 1048576K
}
Event: 8.799 GC heap after
{Heap after GC invocations=33 (full 0):
 garbage-first heap   total 121856K, used 60944K [0x0000000080000000, 0x0000000100000000)
  region size 1024K, 5 young (5120K), 5 survivors (5120K)
 Metaspace       used 67752K, committed 68288K, reserved 1114112K
  class space    used 8836K, committed 9088K, reserved 1048576K
}
Event: 9.100 GC heap before
{Heap before GC invocations=33 (full 0):
 garbage-first heap   total 121856K, used 93712K [0x0000000080000000, 0x0000000100000000)
  region size 1024K, 37 young (37888K), 5 survivors (5120K)
 Metaspace       used 69147K, committed 69696K, reserved 1114112K
  class space    used 9009K, committed 9280K, reserved 1048576K
}
Event: 9.104 GC heap after
{Heap after GC invocations=34 (full 0):
 garbage-first heap   total 121856K, used 63887K [0x0000000080000000, 0x0000000100000000)
  region size 1024K, 3 young (3072K), 3 survivors (3072K)
 Metaspace       used 69147K, committed 69696K, reserved 1114112K
  class space    used 9009K, committed 9280K, reserved 1048576K
}

Dll operation events (2 events):
Event: 0.006 Loaded shared library C:\Program Files\Android\Android Studio1\jbr\bin\java.dll
Event: 0.521 Loaded shared library C:\Program Files\Android\Android Studio1\jbr\bin\verify.dll

Deoptimization events (20 events):
Event: 8.652 Thread 0x0000020d9bbe54e0 Uncommon trap: trap_request=0xffffffdc fr.pc=0x0000020d8b271f20 relative=0x0000000000000280
Event: 8.652 Thread 0x0000020d9bbe54e0 Uncommon trap: reason=class_check action=make_not_entrant pc=0x0000020d8b271f20 method=java.util.ArrayList.toArray([Ljava/lang/Object;)[Ljava/lang/Object; @ 21 c2
Event: 8.652 Thread 0x0000020d9bbe54e0 DEOPT PACKING pc=0x0000020d8b271f20 sp=0x000000ae106f76a0
Event: 8.652 Thread 0x0000020d9bbe54e0 DEOPT UNPACKING pc=0x0000020d8a98a1a3 sp=0x000000ae106f7670 mode 2
Event: 8.801 Thread 0x0000020d9bbe54e0 Uncommon trap: trap_request=0xffffff45 fr.pc=0x0000020d8b27adbc relative=0x000000000000067c
Event: 8.801 Thread 0x0000020d9bbe54e0 Uncommon trap: reason=unstable_if action=reinterpret pc=0x0000020d8b27adbc method=groovy.lang.MetaClassImpl.filterPropertyMethod(Ljava/lang/Object;ZZ)Ljava/lang/Object; @ 60 c2
Event: 8.801 Thread 0x0000020d9bbe54e0 DEOPT PACKING pc=0x0000020d8b27adbc sp=0x000000ae106f8550
Event: 8.801 Thread 0x0000020d9bbe54e0 DEOPT UNPACKING pc=0x0000020d8a98a1a3 sp=0x000000ae106f84d8 mode 2
Event: 8.854 Thread 0x0000020d9bbe54e0 Uncommon trap: trap_request=0xfffffff4 fr.pc=0x0000020d8b217b20 relative=0x0000000000000a00
Event: 8.854 Thread 0x0000020d9bbe54e0 Uncommon trap: reason=null_check action=make_not_entrant pc=0x0000020d8b217b20 method=com.sun.beans.introspect.MethodInfo$MethodOrder.compare(Ljava/lang/reflect/Method;Ljava/lang/reflect/Method;)I @ 133 c2
Event: 8.854 Thread 0x0000020d9bbe54e0 DEOPT PACKING pc=0x0000020d8b217b20 sp=0x000000ae106f5770
Event: 8.854 Thread 0x0000020d9bbe54e0 DEOPT UNPACKING pc=0x0000020d8a98a1a3 sp=0x000000ae106f56a0 mode 2
Event: 8.897 Thread 0x0000020d9bbe54e0 Uncommon trap: trap_request=0xffffffde fr.pc=0x0000020d8b069174 relative=0x00000000000017f4
Event: 8.897 Thread 0x0000020d9bbe54e0 Uncommon trap: reason=class_check action=maybe_recompile pc=0x0000020d8b069174 method=java.util.WeakHashMap.matchesKey(Ljava/util/WeakHashMap$Entry;Ljava/lang/Object;)Z @ 21 c2
Event: 8.897 Thread 0x0000020d9bbe54e0 DEOPT PACKING pc=0x0000020d8b069174 sp=0x000000ae106f57b0
Event: 8.897 Thread 0x0000020d9bbe54e0 DEOPT UNPACKING pc=0x0000020d8a98a1a3 sp=0x000000ae106f5730 mode 2
Event: 8.907 Thread 0x0000020d9bbe54e0 DEOPT PACKING pc=0x0000020d83937db0 sp=0x000000ae106f39d0
Event: 8.907 Thread 0x0000020d9bbe54e0 DEOPT UNPACKING pc=0x0000020d8a98ace3 sp=0x000000ae106f2e20 mode 0
Event: 9.028 Thread 0x0000020d9bbe54e0 DEOPT PACKING pc=0x0000020d83829b18 sp=0x000000ae106f8980
Event: 9.028 Thread 0x0000020d9bbe54e0 DEOPT UNPACKING pc=0x0000020d8a98ace3 sp=0x000000ae106f7e60 mode 0

Classes unloaded (0 events):
No events

Classes redefined (0 events):
No events

Internal exceptions (20 events):
Event: 8.939 Thread 0x0000020d9bbe54e0 Exception <a 'java/lang/ClassNotFoundException'{0x000000008628b6b8}: com/android/build/gradle/internal/CompileOptions$AgpDecorated_DecoratedBeanInfo> (0x000000008628b6b8) 
thrown [s\src\hotspot\share\classfile\systemDictionary.cpp, line 256]
Event: 8.940 Thread 0x0000020d9bbe54e0 Exception <a 'java/lang/ClassNotFoundException'{0x0000000086296440}: com/android/build/gradle/internal/CompileOptions$AgpDecoratedBeanInfo> (0x0000000086296440) 
thrown [s\src\hotspot\share\classfile\systemDictionary.cpp, line 256]
Event: 8.941 Thread 0x0000020d9bbe54e0 Exception <a 'java/lang/ClassNotFoundException'{0x00000000862a1898}: com/android/build/gradle/internal/CompileOptionsBeanInfo> (0x00000000862a1898) 
thrown [s\src\hotspot\share\classfile\systemDictionary.cpp, line 256]
Event: 8.942 Thread 0x0000020d9bbe54e0 Exception <a 'java/lang/ClassNotFoundException'{0x00000000862ac7a8}: com/android/build/gradle/internal/CompileOptionsCustomizer> (0x00000000862ac7a8) 
thrown [s\src\hotspot\share\classfile\systemDictionary.cpp, line 256]
Event: 8.943 Thread 0x0000020d9bbe54e0 Exception <a 'java/lang/ClassNotFoundException'{0x00000000862c3ab8}: com/android/build/gradle/internal/CompileOptions$AgpDecoratedCustomizer> (0x00000000862c3ab8) 
thrown [s\src\hotspot\share\classfile\systemDictionary.cpp, line 256]
Event: 8.943 Thread 0x0000020d9bbe54e0 Exception <a 'java/lang/ClassNotFoundException'{0x00000000862ddab8}: com/android/build/gradle/internal/CompileOptions$AgpDecorated_DecoratedCustomizer> (0x00000000862ddab8) 
thrown [s\src\hotspot\share\classfile\systemDictionary.cpp, line 256]
Event: 8.961 Thread 0x0000020d9bbe54e0 Exception <a 'java/lang/ClassNotFoundException'{0x0000000086007128}: org/jetbrains/kotlin/gradle/dsl/KotlinJvmOptionsImplBeanInfo> (0x0000000086007128) 
thrown [s\src\hotspot\share\classfile\systemDictionary.cpp, line 256]
Event: 8.962 Thread 0x0000020d9bbe54e0 Exception <a 'java/lang/ClassNotFoundException'{0x0000000086011d48}: org/jetbrains/kotlin/gradle/dsl/KotlinJvmOptionsBaseBeanInfo> (0x0000000086011d48) 
thrown [s\src\hotspot\share\classfile\systemDictionary.cpp, line 256]
Event: 8.962 Thread 0x0000020d9bbe54e0 Exception <a 'java/lang/ClassNotFoundException'{0x000000008601c940}: org/jetbrains/kotlin/gradle/dsl/KotlinJvmOptionsBaseCustomizer> (0x000000008601c940) 
thrown [s\src\hotspot\share\classfile\systemDictionary.cpp, line 256]
Event: 8.963 Thread 0x0000020d9bbe54e0 Exception <a 'java/lang/ClassNotFoundException'{0x000000008603a168}: org/jetbrains/kotlin/gradle/dsl/KotlinJvmOptionsImplCustomizer> (0x000000008603a168) 
thrown [s\src\hotspot\share\classfile\systemDictionary.cpp, line 256]
Event: 8.967 Thread 0x0000020d9bbe54e0 Exception <a 'java/lang/ClassNotFoundException'{0x0000000086099370}: com/android/build/gradle/internal/dsl/ApplicationBuildFeaturesImpl_DecoratedBeanInfo> (0x0000000086099370) 
thrown [s\src\hotspot\share\classfile\systemDictionary.cpp, line 256]
Event: 8.967 Thread 0x0000020d9bbe54e0 Exception <a 'java/lang/ClassNotFoundException'{0x00000000860a41a0}: com/android/build/gradle/internal/dsl/ApplicationBuildFeaturesImplBeanInfo> (0x00000000860a41a0) 
thrown [s\src\hotspot\share\classfile\systemDictionary.cpp, line 256]
Event: 8.968 Thread 0x0000020d9bbe54e0 Exception <a 'java/lang/ClassNotFoundException'{0x00000000860af6b0}: com/android/build/gradle/internal/dsl/BuildFeaturesImplBeanInfo> (0x00000000860af6b0) 
thrown [s\src\hotspot\share\classfile\systemDictionary.cpp, line 256]
Event: 8.968 Thread 0x0000020d9bbe54e0 Exception <a 'java/lang/ClassNotFoundException'{0x00000000860ba688}: com/android/build/gradle/internal/dsl/BuildFeaturesImplCustomizer> (0x00000000860ba688) 
thrown [s\src\hotspot\share\classfile\systemDictionary.cpp, line 256]
Event: 8.969 Thread 0x0000020d9bbe54e0 Exception <a 'java/lang/ClassNotFoundException'{0x00000000860d0fb8}: com/android/build/gradle/internal/dsl/ApplicationBuildFeaturesImplCustomizer> (0x00000000860d0fb8) 
thrown [s\src\hotspot\share\classfile\systemDictionary.cpp, line 256]
Event: 8.970 Thread 0x0000020d9bbe54e0 Exception <a 'java/lang/ClassNotFoundException'{0x00000000860e1da0}: com/android/build/gradle/internal/dsl/ApplicationBuildFeaturesImpl_DecoratedCustomizer> (0x00000000860e1da0) 
thrown [s\src\hotspot\share\classfile\systemDictionary.cpp, line 256]
Event: 8.975 Thread 0x0000020d9bbe54e0 Exception <a 'java/lang/ClassNotFoundException'{0x0000000085f6c200}: org/gradle/api/internal/artifacts/dsl/dependencies/DefaultDependencyHandler_DecoratedBeanInfo> (0x0000000085f6c200) 
thrown [s\src\hotspot\share\classfile\systemDictionary.cpp, line 256]
Event: 8.976 Thread 0x0000020d9bbe54e0 Exception <a 'java/lang/ClassNotFoundException'{0x0000000085f81f48}: org/gradle/api/internal/artifacts/dsl/dependencies/DefaultDependencyHandlerBeanInfo> (0x0000000085f81f48) 
thrown [s\src\hotspot\share\classfile\systemDictionary.cpp, line 256]
Event: 8.977 Thread 0x0000020d9bbe54e0 Exception <a 'java/lang/ClassNotFoundException'{0x0000000085f97498}: org/gradle/api/internal/artifacts/dsl/dependencies/DefaultDependencyHandlerCustomizer> (0x0000000085f97498) 
thrown [s\src\hotspot\share\classfile\systemDictionary.cpp, line 256]
Event: 8.979 Thread 0x0000020d9bbe54e0 Exception <a 'java/lang/ClassNotFoundException'{0x0000000085fd2db8}: org/gradle/api/internal/artifacts/dsl/dependencies/DefaultDependencyHandler_DecoratedCustomizer> (0x0000000085fd2db8) 
thrown [s\src\hotspot\share\classfile\systemDictionary.cpp, line 256]

VM Operations (20 events):
Event: 8.302 Executing VM operation: G1TryInitiateConcMark
Event: 8.305 Executing VM operation: G1TryInitiateConcMark done
Event: 8.340 Executing VM operation: G1Concurrent
Event: 8.343 Executing VM operation: G1Concurrent done
Event: 8.356 Executing VM operation: G1Concurrent
Event: 8.356 Executing VM operation: G1Concurrent done
Event: 8.431 Executing VM operation: HandshakeAllThreads
Event: 8.432 Executing VM operation: HandshakeAllThreads done
Event: 8.763 Executing VM operation: ICBufferFull
Event: 8.763 Executing VM operation: ICBufferFull done
Event: 8.796 Executing VM operation: G1CollectForAllocation
Event: 8.799 Executing VM operation: G1CollectForAllocation done
Event: 9.002 Executing VM operation: HandshakeAllThreads
Event: 9.003 Executing VM operation: HandshakeAllThreads done
Event: 9.100 Executing VM operation: G1CollectForAllocation
Event: 9.104 Executing VM operation: G1CollectForAllocation done
Event: 9.136 Executing VM operation: G1Concurrent
Event: 9.138 Executing VM operation: G1Concurrent done
Event: 9.151 Executing VM operation: G1Concurrent
Event: 9.151 Executing VM operation: G1Concurrent done

Events (20 events):
Event: 8.431 loading class java/net/SocketTimeoutException
Event: 8.431 loading class java/net/SocketTimeoutException done
Event: 8.453 loading class org/xml/sax/ContentHandler
Event: 8.453 loading class org/xml/sax/ContentHandler done
Event: 8.453 loading class org/xml/sax/DTDHandler
Event: 8.453 loading class org/xml/sax/DTDHandler done
Event: 8.461 loading class java/util/Spliterators$IntArraySpliterator
Event: 8.461 loading class java/util/Spliterators$IntArraySpliterator done
Event: 8.464 loading class java/text/ParsePosition
Event: 8.464 loading class java/text/ParsePosition done
Event: 8.472 loading class java/text/CharacterIterator
Event: 8.472 loading class java/text/CharacterIterator done
Event: 8.514 loading class java/time/format/DateTimeFormatterBuilder$WeekBasedFieldPrinterParser
Event: 8.514 loading class java/time/format/DateTimeFormatterBuilder$WeekBasedFieldPrinterParser done
Event: 8.526 loading class com/sun/jmx/mbeanserver/StandardMBeanSupport
Event: 8.527 loading class com/sun/jmx/mbeanserver/StandardMBeanSupport done
Event: 8.527 loading class com/sun/jmx/mbeanserver/StandardMBeanIntrospector
Event: 8.527 loading class com/sun/jmx/mbeanserver/StandardMBeanIntrospector done
Event: 8.860 loading class java/beans/IntrospectionException
Event: 8.860 loading class java/beans/IntrospectionException done


Dynamic libraries:
0x00007ff6f79d0000 - 0x00007ff6f79da000 	C:\Program Files\Android\Android Studio1\jbr\bin\java.exe
0x00007ff99fa50000 - 0x00007ff99fc48000 	C:\Windows\SYSTEM32\ntdll.dll
0x00007ff99db30000 - 0x00007ff99dbef000 	C:\Windows\System32\KERNEL32.DLL
0x00007ff99d470000 - 0x00007ff99d766000 	C:\Windows\System32\KERNELBASE.dll
0x00007ff99d8b0000 - 0x00007ff99d9b0000 	C:\Windows\System32\ucrtbase.dll
0x00007ff992c20000 - 0x00007ff992c3b000 	C:\Program Files\Android\Android Studio1\jbr\bin\VCRUNTIME140.dll
0x00007ff996330000 - 0x00007ff996347000 	C:\Program Files\Android\Android Studio1\jbr\bin\jli.dll
0x00007ff99f610000 - 0x00007ff99f7ad000 	C:\Windows\System32\USER32.dll
0x00007ff9837b0000 - 0x00007ff983a4a000 	C:\Windows\WinSxS\amd64_microsoft.windows.common-controls_6595b64144ccf1df_6.0.19041.1110_none_60b5254171f9507e\COMCTL32.dll
0x00007ff99d9b0000 - 0x00007ff99d9d2000 	C:\Windows\System32\win32u.dll
0x00007ff99e480000 - 0x00007ff99e51e000 	C:\Windows\System32\msvcrt.dll
0x00007ff99f580000 - 0x00007ff99f5ac000 	C:\Windows\System32\GDI32.dll
0x00007ff99d130000 - 0x00007ff99d245000 	C:\Windows\System32\gdi32full.dll
0x00007ff99d9e0000 - 0x00007ff99da7d000 	C:\Windows\System32\msvcp_win.dll
0x00007ff99dbf0000 - 0x00007ff99dc20000 	C:\Windows\System32\IMM32.DLL
0x00007ff996390000 - 0x00007ff99639c000 	C:\Program Files\Android\Android Studio1\jbr\bin\vcruntime140_1.dll
0x00007ff974b70000 - 0x00007ff974bfd000 	C:\Program Files\Android\Android Studio1\jbr\bin\msvcp140.dll
0x00007ff918910000 - 0x00007ff91957d000 	C:\Program Files\Android\Android Studio1\jbr\bin\server\jvm.dll
0x00007ff99f110000 - 0x00007ff99f1bf000 	C:\Windows\System32\ADVAPI32.dll
0x00007ff99f8e0000 - 0x00007ff99f97c000 	C:\Windows\System32\sechost.dll
0x00007ff99f7b0000 - 0x00007ff99f8d6000 	C:\Windows\System32\RPCRT4.dll
0x00007ff9932e0000 - 0x00007ff9932ea000 	C:\Windows\SYSTEM32\VERSION.dll
0x00007ff985a90000 - 0x00007ff985ab7000 	C:\Windows\SYSTEM32\WINMM.dll
0x00007ff960c00000 - 0x00007ff960c09000 	C:\Windows\SYSTEM32\WSOCK32.dll
0x00007ff99f1c0000 - 0x00007ff99f22b000 	C:\Windows\System32\WS2_32.dll
0x00007ff99b970000 - 0x00007ff99b982000 	C:\Windows\SYSTEM32\kernel.appcore.dll
0x00007ff996300000 - 0x00007ff99630a000 	C:\Program Files\Android\Android Studio1\jbr\bin\jimage.dll
0x00007ff99b6a0000 - 0x00007ff99b884000 	C:\Windows\SYSTEM32\DBGHELP.DLL
0x00007ff9841b0000 - 0x00007ff9841e4000 	C:\Windows\SYSTEM32\dbgcore.DLL
0x00007ff99d820000 - 0x00007ff99d8a2000 	C:\Windows\System32\bcryptPrimitives.dll
0x00007ff976760000 - 0x00007ff976785000 	C:\Program Files\Android\Android Studio1\jbr\bin\java.dll
0x00007ff994890000 - 0x00007ff9948a8000 	C:\Program Files\Android\Android Studio1\jbr\bin\zip.dll
0x00007ff99e810000 - 0x00007ff99ef54000 	C:\Windows\System32\SHELL32.dll
0x00007ff99ac30000 - 0x00007ff99b3c3000 	C:\Windows\SYSTEM32\windows.storage.dll
0x00007ff99dc80000 - 0x00007ff99dfd4000 	C:\Windows\System32\combase.dll
0x00007ff99cb90000 - 0x00007ff99cbbe000 	C:\Windows\SYSTEM32\Wldp.dll
0x00007ff99e6b0000 - 0x00007ff99e75d000 	C:\Windows\System32\SHCORE.dll
0x00007ff99dc20000 - 0x00007ff99dc75000 	C:\Windows\System32\shlwapi.dll
0x00007ff99d070000 - 0x00007ff99d08f000 	C:\Windows\SYSTEM32\profapi.dll
0x00007ff9909c0000 - 0x00007ff9909d9000 	C:\Program Files\Android\Android Studio1\jbr\bin\net.dll
0x00007ff991eb0000 - 0x00007ff991fba000 	C:\Windows\SYSTEM32\WINHTTP.dll
0x00007ff99c8f0000 - 0x00007ff99c95a000 	C:\Windows\system32\mswsock.dll
0x00007ff976740000 - 0x00007ff976756000 	C:\Program Files\Android\Android Studio1\jbr\bin\nio.dll
0x00007ff974fa0000 - 0x00007ff974fb0000 	C:\Program Files\Android\Android Studio1\jbr\bin\verify.dll
0x00007ff976930000 - 0x00007ff976957000 	C:\Users\User\.gradle\native\e1d6ef7f7dcc3fd88c89a11ec53ec762bb8ba0a96d01ffa2cd45eb1d1d8dd5c5\windows-amd64\native-platform.dll
0x00007ff943da0000 - 0x00007ff943ee4000 	C:\Users\User\.gradle\native\5664cfc778a61ccfe75a443a1ab52a65af34e5dc3c78e0209fed803814484fcb\windows-amd64\native-platform-file-events.dll
0x00007ff992c40000 - 0x00007ff992c49000 	C:\Program Files\Android\Android Studio1\jbr\bin\management.dll
0x00007ff976730000 - 0x00007ff97673b000 	C:\Program Files\Android\Android Studio1\jbr\bin\management_ext.dll
0x00007ff99e450000 - 0x00007ff99e458000 	C:\Windows\System32\PSAPI.DLL
0x00007ff99cae0000 - 0x00007ff99caf8000 	C:\Windows\SYSTEM32\CRYPTSP.dll
0x00007ff99c1a0000 - 0x00007ff99c1d4000 	C:\Windows\system32\rsaenh.dll
0x00007ff99da80000 - 0x00007ff99daa7000 	C:\Windows\System32\bcrypt.dll
0x00007ff99d030000 - 0x00007ff99d05e000 	C:\Windows\SYSTEM32\USERENV.dll
0x00007ff99cb00000 - 0x00007ff99cb0c000 	C:\Windows\SYSTEM32\CRYPTBASE.dll
0x00007ff99c590000 - 0x00007ff99c5cc000 	C:\Windows\SYSTEM32\IPHLPAPI.DLL
0x00007ff99f4a0000 - 0x00007ff99f4a8000 	C:\Windows\System32\NSI.dll
0x00007ff992fb0000 - 0x00007ff992fc7000 	C:\Windows\SYSTEM32\dhcpcsvc6.DLL
0x00007ff992ea0000 - 0x00007ff992ebd000 	C:\Windows\SYSTEM32\dhcpcsvc.DLL
0x00007ff99c5e0000 - 0x00007ff99c6ab000 	C:\Windows\SYSTEM32\DNSAPI.dll
0x00007ff974f40000 - 0x00007ff974f47000 	C:\Windows\system32\wshunix.dll

dbghelp: loaded successfully - version: 4.0.5 - missing functions: none
symbol engine: initialized successfully - sym options: 0x614 - pdb path: .;C:\Program Files\Android\Android Studio1\jbr\bin;C:\Windows\SYSTEM32;C:\Windows\WinSxS\amd64_microsoft.windows.common-controls_6595b64144ccf1df_6.0.19041.1110_none_60b5254171f9507e;C:\Program Files\Android\Android Studio1\jbr\bin\server;C:\Users\User\.gradle\native\e1d6ef7f7dcc3fd88c89a11ec53ec762bb8ba0a96d01ffa2cd45eb1d1d8dd5c5\windows-amd64;C:\Users\User\.gradle\native\5664cfc778a61ccfe75a443a1ab52a65af34e5dc3c78e0209fed803814484fcb\windows-amd64

VM Arguments:
jvm_args: --add-opens=java.base/java.util=ALL-UNNAMED --add-opens=java.base/java.lang=ALL-UNNAMED --add-opens=java.base/java.lang.invoke=ALL-UNNAMED --add-opens=java.base/java.util=ALL-UNNAMED --add-opens=java.prefs/java.util.prefs=ALL-UNNAMED --add-opens=java.prefs/java.util.prefs=ALL-UNNAMED --add-opens=java.base/java.nio.charset=ALL-UNNAMED --add-opens=java.base/java.net=ALL-UNNAMED --add-opens=java.base/java.util.concurrent.atomic=ALL-UNNAMED -Xmx2048m -Dfile.encoding=UTF-8 -Duser.country=ID -Duser.language=en -Duser.variant 
java_command: org.gradle.launcher.daemon.bootstrap.GradleDaemon 7.2
java_class_path (initial): C:\Users\User\.gradle\wrapper\dists\gradle-7.2-bin\2dnblmf4td7x66yl1d74lt32g\gradle-7.2\lib\gradle-launcher-7.2.jar
Launcher Type: SUN_STANDARD

[Global flags]
     intx CICompilerCount                          = 4                                         {product} {ergonomic}
     uint ConcGCThreads                            = 3                                         {product} {ergonomic}
     uint G1ConcRefinementThreads                  = 10                                        {product} {ergonomic}
   size_t G1HeapRegionSize                         = 1048576                                   {product} {ergonomic}
    uintx GCDrainStackTargetSize                   = 64                                        {product} {ergonomic}
   size_t InitialHeapSize                          = 266338304                                 {product} {ergonomic}
   size_t MarkStackSize                            = 4194304                                   {product} {ergonomic}
   size_t MaxHeapSize                              = 2147483648                                {product} {command line}
   size_t MaxNewSize                               = 1287651328                                {product} {ergonomic}
   size_t MinHeapDeltaBytes                        = 1048576                                   {product} {ergonomic}
   size_t MinHeapSize                              = 8388608                                   {product} {ergonomic}
    uintx NonNMethodCodeHeapSize                   = 5839372                                {pd product} {ergonomic}
    uintx NonProfiledCodeHeapSize                  = 122909434                              {pd product} {ergonomic}
    uintx ProfiledCodeHeapSize                     = 122909434                              {pd product} {ergonomic}
    uintx ReservedCodeCacheSize                    = 251658240                              {pd product} {ergonomic}
     bool SegmentedCodeCache                       = true                                      {product} {ergonomic}
   size_t SoftMaxHeapSize                          = 2147483648                             {manageable} {ergonomic}
     bool UseCompressedClassPointers               = true                           {product lp64_product} {ergonomic}
     bool UseCompressedOops                        = true                           {product lp64_product} {ergonomic}
     bool UseG1GC                                  = true                                      {product} {ergonomic}
     bool UseLargePagesIndividualAllocation        = false                                  {pd product} {ergonomic}

Logging:
Log output configuration:
 #0: stdout all=warning uptime,level,tags
 #1: stderr all=off uptime,level,tags

Environment Variables:
JAVA_HOME=C:\Program Files\Eclipse Adoptium\jdk-17.0.2.8-hotspot\
PATH=C:\Program Files\Common Files\Oracle\Java\javapath;C:\Program Files\Eclipse Adoptium\jdk-17.0.2.8-hotspot\bin;C:\Program Files (x86)\Common Files\Intel\Shared Libraries\redist\intel64\compiler;C:\Windows\system32;C:\Windows;C:\Windows\System32\Wbem;C:\Windows\System32\WindowsPowerShell\v1.0\;C:\Windows\System32\OpenSSH\;C:\Program Files (x86)\NVIDIA Corporation\PhysX\Common;C:\Program Files\NVIDIA Corporation\NVIDIA NvDLISR;C:\Users\User\AppData\Local\Microsoft\WindowsApps;C:\adb;C:\Program Files (x86)\dotnet\;C:\Program Files (x86)\IncrediBuild;C:\Program Files\Cloudflare\Cloudflare WARP\;D:\PUTTY\;C:\xampp\php;C:\ProgramData\ComposerSetup\bin;C:\Program Files\Git\cmd;C:\Users\User\AppData\Local\Microsoft\WindowsApps;D:\android\cmdline-tools\tools\bin;D:\android\flutter\bin;;C:\Users\User\AppData\Local\Programs\Microsoft VS Code\bin;C:\Users\User\AppData\Roaming\Composer\vendor\bin;C:\Program Files\JetBrains\IntelliJ IDEA Community Edition 2022.3\bin;
USERNAME=User
OS=Windows_NT
PROCESSOR_IDENTIFIER=Intel64 Family 6 Model 141 Stepping 1, GenuineIntel
TMP=C:\Users\User\AppData\Local\Temp
TEMP=C:\Users\User\AppData\Local\Temp



---------------  S Y S T E M  ---------------

OS:
 Windows 10 , 64 bit Build 19041 (10.0.19041.2913)
OS uptime: 1 days 21:53 hours

CPU: total 12 (initial active 12) (6 cores per cpu, 2 threads per core) family 6 model 141 stepping 1 microcode 0x3c, cx8, cmov, fxsr, ht, mmx, 3dnowpref, sse, sse2, sse3, ssse3, sse4.1, sse4.2, popcnt, lzcnt, tsc, tscinvbit, avx, avx2, aes, erms, clmul, bmi1, bmi2, adx, avx512f, avx512dq, avx512cd, avx512bw, avx512vl, sha, fma, vzeroupper, avx512_vpopcntdq, avx512_vpclmulqdq, avx512_vaes, avx512_vnni, clflush, clflushopt, clwb, avx512_vbmi2, avx512_vbmi

Memory: 4k page, system-wide physical 16147M (2408M free)
TotalPageFile size 20243M (AvailPageFile size 24M)
current process WorkingSet (physical memory assigned to process): 355M, peak: 356M
current process commit charge ("private bytes"): 406M, peak: 407M

vm_info: OpenJDK 64-Bit Server VM (17.0.6+0-b2043.56-9586694) for windows-amd64 JRE (17.0.6+0-b2043.56-9586694), built on Feb  9 2023 20:06:20 by "androidbuild" with MS VC++ 16.10 / 16.11 (VS2019)

END.
