#
# There is insufficient memory for the Java Runtime Environment to continue.
# Native memory allocation (mmap) failed to map 65536 bytes for Failed to commit metaspace.
# Possible reasons:
#   The system is out of physical RAM or swap space
#   The process is running with CompressedOops enabled, and the Java Heap may be blocking the growth of the native heap
# Possible solutions:
#   Reduce memory load on the system
#   Increase physical memory or swap space
#   Check if swap backing store is full
#   Decrease Java heap size (-Xmx/-Xms)
#   Decrease number of Java threads
#   Decrease Java thread stack sizes (-Xss)
#   Set larger code cache with -XX:ReservedCodeCacheSize=
#   JVM is running with Zero Based Compressed Oops mode in which the Java heap is
#     placed in the first 32GB address space. The Java Heap base address is the
#     maximum limit for the native heap growth. Please use -XX:HeapBaseMinAddress
#     to set the Java Heap base and to place the Java Heap above 32GB virtual address.
# This output file may be truncated or incomplete.
#
#  Out of Memory Error (virtualSpaceNode.cpp:110), pid=3920, tid=11852
#
# JRE version: OpenJDK Runtime Environment (17.0.6) (build 17.0.6+0-b2043.56-9586694)
# Java VM: OpenJDK 64-Bit Server VM (17.0.6+0-b2043.56-9586694, mixed mode, tiered, compressed oops, compressed class ptrs, g1 gc, windows-amd64)
# No core dump will be written. Minidumps are not enabled by default on client versions of Windows
#

---------------  S U M M A R Y ------------

Command Line: org.jetbrains.kotlin.cli.jvm.K2JVMCompiler @C:\Users\User\AndroidStudioProjects\MyEkasari\app\build\20230519_3398754576383576118.compiler.options

Host: 11th Gen Intel(R) Core(TM) i5-11400H @ 2.70GHz, 12 cores, 15G,  Windows 10 , 64 bit Build 19041 (10.0.19041.2913)
Time: Fri May 19 15:32:17 2023 SE Asia Standard Time elapsed time: 0.223675 seconds (0d 0h 0m 0s)

---------------  T H R E A D  ---------------

Current thread (0x000001e3e9798b60):  JavaThread "main" [_thread_in_vm, id=11852, stack(0x000000d9cbd00000,0x000000d9cbe00000)]

Stack: [0x000000d9cbd00000,0x000000d9cbe00000]
Native frames: (J=compiled Java code, j=interpreted, Vv=VM code, C=native code)
V  [jvm.dll+0x683b4a]
V  [jvm.dll+0x842654]
V  [jvm.dll+0x843dfe]
V  [jvm.dll+0x844463]
V  [jvm.dll+0x249b75]
V  [jvm.dll+0x83e6ab]
V  [jvm.dll+0x627fa6]
V  [jvm.dll+0x1c194e]
V  [jvm.dll+0x62a8e1]
V  [jvm.dll+0x628946]
V  [jvm.dll+0x23db6f]
V  [jvm.dll+0x632735]
V  [jvm.dll+0x1eda2b]
V  [jvm.dll+0x1edf65]
V  [jvm.dll+0x1ee884]
V  [jvm.dll+0x1e3dcc]
V  [jvm.dll+0x547f8d]
V  [jvm.dll+0x7bd285]
V  [jvm.dll+0x7bd39e]
V  [jvm.dll+0x4117ca]
V  [jvm.dll+0x417949]
C  [java.dll+0x17ec]

Java frames: (J=compiled Java code, j=interpreted, Vv=VM code)
j  java.lang.ClassLoader.defineClass1(Ljava/lang/ClassLoader;Ljava/lang/String;[BIILjava/security/ProtectionDomain;Ljava/lang/String;)Ljava/lang/Class;+0 java.base@17.0.6
j  java.lang.ClassLoader.defineClass(Ljava/lang/String;[BIILjava/security/ProtectionDomain;)Ljava/lang/Class;+27 java.base@17.0.6
j  java.security.SecureClassLoader.defineClass(Ljava/lang/String;[BIILjava/security/CodeSource;)Ljava/lang/Class;+12 java.base@17.0.6
j  jdk.internal.loader.BuiltinClassLoader.defineClass(Ljava/lang/String;Ljdk/internal/loader/Resource;)Ljava/lang/Class;+117 java.base@17.0.6
j  jdk.internal.loader.BuiltinClassLoader.findClassOnClassPathOrNull(Ljava/lang/String;)Ljava/lang/Class;+37 java.base@17.0.6
J 206 c1 jdk.internal.loader.BuiltinClassLoader.loadClassOrNull(Ljava/lang/String;Z)Ljava/lang/Class; java.base@17.0.6 (143 bytes) @ 0x000001e3eccb6354 [0x000001e3eccb5440+0x0000000000000f14]
J 384 c1 jdk.internal.loader.ClassLoaders$AppClassLoader.loadClass(Ljava/lang/String;Z)Ljava/lang/Class; java.base@17.0.6 (40 bytes) @ 0x000001e3ecd0368c [0x000001e3ecd03060+0x000000000000062c]
J 298 c1 java.lang.ClassLoader.loadClass(Ljava/lang/String;)Ljava/lang/Class; java.base@17.0.6 (7 bytes) @ 0x000001e3eccd2b4c [0x000001e3eccd2a40+0x000000000000010c]
v  ~StubRoutines::call_stub
j  kotlin.reflect.jvm.internal.impl.load.kotlin.DeserializationComponentsForJava$Companion.createModuleData(Lkotlin/reflect/jvm/internal/impl/load/kotlin/KotlinClassFinder;Lkotlin/reflect/jvm/internal/impl/load/kotlin/KotlinClassFinder;Lkotlin/reflect/jvm/internal/impl/load/java/JavaClassFinder;Ljava/lang/String;Lkotlin/reflect/jvm/internal/impl/serialization/deserialization/ErrorReporter;Lkotlin/reflect/jvm/internal/impl/load/java/sources/JavaSourceElementFactory;)Lkotlin/reflect/jvm/internal/impl/load/kotlin/DeserializationComponentsForJava$Companion$ModuleData;+67
j  kotlin.reflect.jvm.internal.impl.descriptors.runtime.components.RuntimeModuleData$Companion.create(Ljava/lang/ClassLoader;)Lkotlin/reflect/jvm/internal/impl/descriptors/runtime/components/RuntimeModuleData;+85
j  kotlin.reflect.jvm.internal.ModuleByClassLoaderKt.getOrCreateModule(Ljava/lang/Class;)Lkotlin/reflect/jvm/internal/impl/descriptors/runtime/components/RuntimeModuleData;+72
j  kotlin.reflect.jvm.internal.KDeclarationContainerImpl$Data$moduleData$2.invoke()Lkotlin/reflect/jvm/internal/impl/descriptors/runtime/components/RuntimeModuleData;+7
j  kotlin.reflect.jvm.internal.KDeclarationContainerImpl$Data$moduleData$2.invoke()Ljava/lang/Object;+1
j  kotlin.reflect.jvm.internal.ReflectProperties$LazySoftVal.invoke()Ljava/lang/Object;+28
j  kotlin.reflect.jvm.internal.ReflectProperties$Val.getValue(Ljava/lang/Object;Ljava/lang/Object;)Ljava/lang/Object;+1
j  kotlin.reflect.jvm.internal.KDeclarationContainerImpl$Data.getModuleData()Lkotlin/reflect/jvm/internal/impl/descriptors/runtime/components/RuntimeModuleData;+10
j  kotlin.reflect.jvm.internal.KClassImpl$Data$descriptor$2.invoke()Lkotlin/reflect/jvm/internal/impl/descriptors/ClassDescriptor;+21
j  kotlin.reflect.jvm.internal.KClassImpl$Data$descriptor$2.invoke()Ljava/lang/Object;+1
j  kotlin.reflect.jvm.internal.ReflectProperties$LazySoftVal.invoke()Ljava/lang/Object;+28
j  kotlin.reflect.jvm.internal.ReflectProperties$Val.getValue(Ljava/lang/Object;Ljava/lang/Object;)Ljava/lang/Object;+1
j  kotlin.reflect.jvm.internal.KClassImpl$Data.getDescriptor()Lkotlin/reflect/jvm/internal/impl/descriptors/ClassDescriptor;+10
j  kotlin.reflect.jvm.internal.KClassImpl.getDescriptor()Lkotlin/reflect/jvm/internal/impl/descriptors/ClassDescriptor;+10
j  kotlin.reflect.jvm.internal.KClassImpl.getMemberScope$kotlin_reflection()Lkotlin/reflect/jvm/internal/impl/resolve/scopes/MemberScope;+1
j  kotlin.reflect.jvm.internal.KClassImpl$Data$declaredNonStaticMembers$2.invoke()Ljava/util/Collection;+8
j  kotlin.reflect.jvm.internal.KClassImpl$Data$declaredNonStaticMembers$2.invoke()Ljava/lang/Object;+1
j  kotlin.reflect.jvm.internal.ReflectProperties$LazySoftVal.invoke()Ljava/lang/Object;+28
j  kotlin.reflect.jvm.internal.ReflectProperties$Val.getValue(Ljava/lang/Object;Ljava/lang/Object;)Ljava/lang/Object;+1
j  kotlin.reflect.jvm.internal.KClassImpl$Data.getDeclaredNonStaticMembers()Ljava/util/Collection;+11
j  kotlin.reflect.jvm.internal.KClassImpl$Data$allNonStaticMembers$2.invoke()Ljava/util/List;+4
j  kotlin.reflect.jvm.internal.KClassImpl$Data$allNonStaticMembers$2.invoke()Ljava/lang/Object;+1
j  kotlin.reflect.jvm.internal.ReflectProperties$LazySoftVal.invoke()Ljava/lang/Object;+28
j  kotlin.reflect.jvm.internal.ReflectProperties$Val.getValue(Ljava/lang/Object;Ljava/lang/Object;)Ljava/lang/Object;+1
j  kotlin.reflect.jvm.internal.KClassImpl$Data.getAllNonStaticMembers()Ljava/util/Collection;+11
j  kotlin.reflect.full.KClasses.getMemberProperties(Lkotlin/reflect/KClass;)Ljava/util/Collection;+19
j  org.jetbrains.kotlin.cli.common.arguments.ParseCommandLineArgumentsKt.parsePreprocessedCommandLineArguments(Ljava/util/List;Lorg/jetbrains/kotlin/cli/common/arguments/CommonToolArguments;Lorg/jetbrains/kotlin/cli/common/arguments/ArgumentParseErrors;Z)V+7
j  org.jetbrains.kotlin.cli.common.arguments.ParseCommandLineArgumentsKt.parseCommandLineArguments(Ljava/util/List;Lorg/jetbrains/kotlin/cli/common/arguments/CommonToolArguments;Z)V+71
j  org.jetbrains.kotlin.cli.common.arguments.ParseCommandLineArgumentsKt.parseCommandLineArguments$default(Ljava/util/List;Lorg/jetbrains/kotlin/cli/common/arguments/CommonToolArguments;ZILjava/lang/Object;)V+11
j  org.jetbrains.kotlin.cli.common.CLITool.exec(Ljava/io/PrintStream;Lorg/jetbrains/kotlin/config/Services;Lorg/jetbrains/kotlin/cli/common/messages/MessageRenderer;[Ljava/lang/String;)Lorg/jetbrains/kotlin/cli/common/ExitCode;+41
j  org.jetbrains.kotlin.cli.common.CLITool.exec(Ljava/io/PrintStream;Lorg/jetbrains/kotlin/cli/common/messages/MessageRenderer;[Ljava/lang/String;)Lorg/jetbrains/kotlin/cli/common/ExitCode;+25
j  org.jetbrains.kotlin.cli.common.CLITool$Companion.doMainNoExit(Lorg/jetbrains/kotlin/cli/common/CLITool;[Ljava/lang/String;Lorg/jetbrains/kotlin/cli/common/messages/MessageRenderer;)Lorg/jetbrains/kotlin/cli/common/ExitCode;+39
j  org.jetbrains.kotlin.cli.common.CLITool$Companion.doMainNoExit$default(Lorg/jetbrains/kotlin/cli/common/CLITool$Companion;Lorg/jetbrains/kotlin/cli/common/CLITool;[Ljava/lang/String;Lorg/jetbrains/kotlin/cli/common/messages/MessageRenderer;ILjava/lang/Object;)Lorg/jetbrains/kotlin/cli/common/ExitCode;+16
j  org.jetbrains.kotlin.cli.common.CLITool$Companion.doMain(Lorg/jetbrains/kotlin/cli/common/CLITool;[Ljava/lang/String;)V+57
j  org.jetbrains.kotlin.cli.jvm.K2JVMCompiler$Companion.main([Ljava/lang/String;)V+20
j  org.jetbrains.kotlin.cli.jvm.K2JVMCompiler.main([Ljava/lang/String;)V+4
v  ~StubRoutines::call_stub

---------------  P R O C E S S  ---------------

Threads class SMR info:
_java_thread_list=0x000001e38906c6f0, length=13, elements={
0x000001e3e9798b60, 0x000001e389080660, 0x000001e389081210, 0x000001e38906d1b0,
0x000001e3890d3110, 0x000001e3890d7be0, 0x000001e3890d95a0, 0x000001e3890ad320,
0x000001e3890ae1d0, 0x000001e3890b0500, 0x000001e38923d260, 0x000001e389246370,
0x000001e38929f490
}

Java Threads: ( => current thread )
=>0x000001e3e9798b60 JavaThread "main" [_thread_in_vm, id=11852, stack(0x000000d9cbd00000,0x000000d9cbe00000)]
  0x000001e389080660 JavaThread "Reference Handler" daemon [_thread_blocked, id=13440, stack(0x000000d9cc400000,0x000000d9cc500000)]
  0x000001e389081210 JavaThread "Finalizer" daemon [_thread_blocked, id=5016, stack(0x000000d9cc500000,0x000000d9cc600000)]
  0x000001e38906d1b0 JavaThread "Signal Dispatcher" daemon [_thread_blocked, id=7392, stack(0x000000d9cc600000,0x000000d9cc700000)]
  0x000001e3890d3110 JavaThread "Attach Listener" daemon [_thread_blocked, id=17744, stack(0x000000d9cc700000,0x000000d9cc800000)]
  0x000001e3890d7be0 JavaThread "Service Thread" daemon [_thread_blocked, id=2852, stack(0x000000d9cc800000,0x000000d9cc900000)]
  0x000001e3890d95a0 JavaThread "Monitor Deflation Thread" daemon [_thread_blocked, id=11812, stack(0x000000d9cc900000,0x000000d9cca00000)]
  0x000001e3890ad320 JavaThread "C2 CompilerThread0" daemon [_thread_blocked, id=2696, stack(0x000000d9cca00000,0x000000d9ccb00000)]
  0x000001e3890ae1d0 JavaThread "C1 CompilerThread0" daemon [_thread_blocked, id=13276, stack(0x000000d9ccb00000,0x000000d9ccc00000)]
  0x000001e3890b0500 JavaThread "Sweeper thread" daemon [_thread_blocked, id=8072, stack(0x000000d9ccc00000,0x000000d9ccd00000)]
  0x000001e38923d260 JavaThread "Notification Thread" daemon [_thread_blocked, id=15504, stack(0x000000d9ccd00000,0x000000d9cce00000)]
  0x000001e389246370 JavaThread "Common-Cleaner" daemon [_thread_blocked, id=11288, stack(0x000000d9ccf00000,0x000000d9cd000000)]
  0x000001e38929f490 JavaThread "C2 CompilerThread1" daemon [_thread_blocked, id=6004, stack(0x000000d9cd000000,0x000000d9cd100000)]

Other Threads:
  0x000001e389059720 VMThread "VM Thread" [stack: 0x000000d9cc300000,0x000000d9cc400000] [id=20752]
  0x000001e3e98230d0 WatcherThread [stack: 0x000000d9cce00000,0x000000d9ccf00000] [id=14468]
  0x000001e3e9808d40 GCTaskThread "GC Thread#0" [stack: 0x000000d9cbe00000,0x000000d9cbf00000] [id=19904]
  0x000001e3e981a4f0 ConcurrentGCThread "G1 Main Marker" [stack: 0x000000d9cbf00000,0x000000d9cc000000] [id=19512]
  0x000001e3e981c0c0 ConcurrentGCThread "G1 Conc#0" [stack: 0x000000d9cc000000,0x000000d9cc100000] [id=4772]
  0x000001e3e986ec10 ConcurrentGCThread "G1 Refine#0" [stack: 0x000000d9cc100000,0x000000d9cc200000] [id=2356]
  0x000001e38844b1b0 ConcurrentGCThread "G1 Service" [stack: 0x000000d9cc200000,0x000000d9cc300000] [id=18568]

Threads with active compile tasks:

VM state: not at safepoint (normal execution)

VM Mutex/Monitor currently owned by a thread:  ([mutex/lock_event])
[0x000001e3e9793c70] Metaspace_lock - owner thread: 0x000001e3e9798b60

Heap address: 0x0000000703a00000, size: 4038 MB, Compressed Oops mode: Zero based, Oop shift amount: 3

CDS archive(s) not mapped
Compressed class space mapped at: 0x0000000800000000-0x0000000840000000, reserved size: 1073741824
Narrow klass base: 0x0000000800000000, Narrow klass shift: 0, Narrow klass range: 0x40000000

GC Precious Log:
 CPUs: 12 total, 12 available
 Memory: 16147M
 Large Page Support: Disabled
 NUMA Support: Disabled
 Compressed Oops: Enabled (Zero based)
 Heap Region Size: 2M
 Heap Min Capacity: 8M
 Heap Initial Capacity: 254M
 Heap Max Capacity: 4038M
 Pre-touch: Disabled
 Parallel Workers: 10
 Concurrent Workers: 3
 Concurrent Refinement Workers: 10
 Periodic GC: Disabled

Heap:
 garbage-first heap   total 260096K, used 12288K [0x0000000703a00000, 0x0000000800000000)
  region size 2048K, 6 young (12288K), 0 survivors (0K)
 Metaspace       used 9557K, committed 9664K, reserved 1064960K
  class space    used 787K, committed 832K, reserved 1048576K

Heap Regions: E=young(eden), S=young(survivor), O=old, HS=humongous(starts), HC=humongous(continues), CS=collection set, F=free, OA=open archive, CA=closed archive, TAMS=top-at-mark-start (previous, next)
|   0|0x0000000703a00000, 0x0000000703c00000, 0x0000000703c00000|100%|HS|  |TAMS 0x0000000703a00000, 0x0000000703a00000| Complete 
|   1|0x0000000703c00000, 0x0000000703e00000, 0x0000000703e00000|100%|HC|  |TAMS 0x0000000703c00000, 0x0000000703c00000| Complete 
|   2|0x0000000703e00000, 0x0000000703e00000, 0x0000000704000000|  0%| F|  |TAMS 0x0000000703e00000, 0x0000000703e00000| Untracked 
|   3|0x0000000704000000, 0x0000000704000000, 0x0000000704200000|  0%| F|  |TAMS 0x0000000704000000, 0x0000000704000000| Untracked 
|   4|0x0000000704200000, 0x0000000704200000, 0x0000000704400000|  0%| F|  |TAMS 0x0000000704200000, 0x0000000704200000| Untracked 
|   5|0x0000000704400000, 0x0000000704400000, 0x0000000704600000|  0%| F|  |TAMS 0x0000000704400000, 0x0000000704400000| Untracked 
|   6|0x0000000704600000, 0x0000000704600000, 0x0000000704800000|  0%| F|  |TAMS 0x0000000704600000, 0x0000000704600000| Untracked 
|   7|0x0000000704800000, 0x0000000704800000, 0x0000000704a00000|  0%| F|  |TAMS 0x0000000704800000, 0x0000000704800000| Untracked 
|   8|0x0000000704a00000, 0x0000000704a00000, 0x0000000704c00000|  0%| F|  |TAMS 0x0000000704a00000, 0x0000000704a00000| Untracked 
|   9|0x0000000704c00000, 0x0000000704c00000, 0x0000000704e00000|  0%| F|  |TAMS 0x0000000704c00000, 0x0000000704c00000| Untracked 
|  10|0x0000000704e00000, 0x0000000704e00000, 0x0000000705000000|  0%| F|  |TAMS 0x0000000704e00000, 0x0000000704e00000| Untracked 
|  11|0x0000000705000000, 0x0000000705000000, 0x0000000705200000|  0%| F|  |TAMS 0x0000000705000000, 0x0000000705000000| Untracked 
|  12|0x0000000705200000, 0x0000000705200000, 0x0000000705400000|  0%| F|  |TAMS 0x0000000705200000, 0x0000000705200000| Untracked 
|  13|0x0000000705400000, 0x0000000705400000, 0x0000000705600000|  0%| F|  |TAMS 0x0000000705400000, 0x0000000705400000| Untracked 
|  14|0x0000000705600000, 0x0000000705600000, 0x0000000705800000|  0%| F|  |TAMS 0x0000000705600000, 0x0000000705600000| Untracked 
|  15|0x0000000705800000, 0x0000000705800000, 0x0000000705a00000|  0%| F|  |TAMS 0x0000000705800000, 0x0000000705800000| Untracked 
|  16|0x0000000705a00000, 0x0000000705a00000, 0x0000000705c00000|  0%| F|  |TAMS 0x0000000705a00000, 0x0000000705a00000| Untracked 
|  17|0x0000000705c00000, 0x0000000705c00000, 0x0000000705e00000|  0%| F|  |TAMS 0x0000000705c00000, 0x0000000705c00000| Untracked 
|  18|0x0000000705e00000, 0x0000000705e00000, 0x0000000706000000|  0%| F|  |TAMS 0x0000000705e00000, 0x0000000705e00000| Untracked 
|  19|0x0000000706000000, 0x0000000706000000, 0x0000000706200000|  0%| F|  |TAMS 0x0000000706000000, 0x0000000706000000| Untracked 
|  20|0x0000000706200000, 0x0000000706200000, 0x0000000706400000|  0%| F|  |TAMS 0x0000000706200000, 0x0000000706200000| Untracked 
|  21|0x0000000706400000, 0x0000000706400000, 0x0000000706600000|  0%| F|  |TAMS 0x0000000706400000, 0x0000000706400000| Untracked 
|  22|0x0000000706600000, 0x0000000706600000, 0x0000000706800000|  0%| F|  |TAMS 0x0000000706600000, 0x0000000706600000| Untracked 
|  23|0x0000000706800000, 0x0000000706800000, 0x0000000706a00000|  0%| F|  |TAMS 0x0000000706800000, 0x0000000706800000| Untracked 
|  24|0x0000000706a00000, 0x0000000706a00000, 0x0000000706c00000|  0%| F|  |TAMS 0x0000000706a00000, 0x0000000706a00000| Untracked 
|  25|0x0000000706c00000, 0x0000000706c00000, 0x0000000706e00000|  0%| F|  |TAMS 0x0000000706c00000, 0x0000000706c00000| Untracked 
|  26|0x0000000706e00000, 0x0000000706e00000, 0x0000000707000000|  0%| F|  |TAMS 0x0000000706e00000, 0x0000000706e00000| Untracked 
|  27|0x0000000707000000, 0x0000000707000000, 0x0000000707200000|  0%| F|  |TAMS 0x0000000707000000, 0x0000000707000000| Untracked 
|  28|0x0000000707200000, 0x0000000707200000, 0x0000000707400000|  0%| F|  |TAMS 0x0000000707200000, 0x0000000707200000| Untracked 
|  29|0x0000000707400000, 0x0000000707400000, 0x0000000707600000|  0%| F|  |TAMS 0x0000000707400000, 0x0000000707400000| Untracked 
|  30|0x0000000707600000, 0x0000000707600000, 0x0000000707800000|  0%| F|  |TAMS 0x0000000707600000, 0x0000000707600000| Untracked 
|  31|0x0000000707800000, 0x0000000707800000, 0x0000000707a00000|  0%| F|  |TAMS 0x0000000707800000, 0x0000000707800000| Untracked 
|  32|0x0000000707a00000, 0x0000000707a00000, 0x0000000707c00000|  0%| F|  |TAMS 0x0000000707a00000, 0x0000000707a00000| Untracked 
|  33|0x0000000707c00000, 0x0000000707c00000, 0x0000000707e00000|  0%| F|  |TAMS 0x0000000707c00000, 0x0000000707c00000| Untracked 
|  34|0x0000000707e00000, 0x0000000707e00000, 0x0000000708000000|  0%| F|  |TAMS 0x0000000707e00000, 0x0000000707e00000| Untracked 
|  35|0x0000000708000000, 0x0000000708000000, 0x0000000708200000|  0%| F|  |TAMS 0x0000000708000000, 0x0000000708000000| Untracked 
|  36|0x0000000708200000, 0x0000000708200000, 0x0000000708400000|  0%| F|  |TAMS 0x0000000708200000, 0x0000000708200000| Untracked 
|  37|0x0000000708400000, 0x0000000708400000, 0x0000000708600000|  0%| F|  |TAMS 0x0000000708400000, 0x0000000708400000| Untracked 
|  38|0x0000000708600000, 0x0000000708600000, 0x0000000708800000|  0%| F|  |TAMS 0x0000000708600000, 0x0000000708600000| Untracked 
|  39|0x0000000708800000, 0x0000000708800000, 0x0000000708a00000|  0%| F|  |TAMS 0x0000000708800000, 0x0000000708800000| Untracked 
|  40|0x0000000708a00000, 0x0000000708a00000, 0x0000000708c00000|  0%| F|  |TAMS 0x0000000708a00000, 0x0000000708a00000| Untracked 
|  41|0x0000000708c00000, 0x0000000708c00000, 0x0000000708e00000|  0%| F|  |TAMS 0x0000000708c00000, 0x0000000708c00000| Untracked 
|  42|0x0000000708e00000, 0x0000000708e00000, 0x0000000709000000|  0%| F|  |TAMS 0x0000000708e00000, 0x0000000708e00000| Untracked 
|  43|0x0000000709000000, 0x0000000709000000, 0x0000000709200000|  0%| F|  |TAMS 0x0000000709000000, 0x0000000709000000| Untracked 
|  44|0x0000000709200000, 0x0000000709200000, 0x0000000709400000|  0%| F|  |TAMS 0x0000000709200000, 0x0000000709200000| Untracked 
|  45|0x0000000709400000, 0x0000000709400000, 0x0000000709600000|  0%| F|  |TAMS 0x0000000709400000, 0x0000000709400000| Untracked 
|  46|0x0000000709600000, 0x0000000709600000, 0x0000000709800000|  0%| F|  |TAMS 0x0000000709600000, 0x0000000709600000| Untracked 
|  47|0x0000000709800000, 0x0000000709800000, 0x0000000709a00000|  0%| F|  |TAMS 0x0000000709800000, 0x0000000709800000| Untracked 
|  48|0x0000000709a00000, 0x0000000709a00000, 0x0000000709c00000|  0%| F|  |TAMS 0x0000000709a00000, 0x0000000709a00000| Untracked 
|  49|0x0000000709c00000, 0x0000000709c00000, 0x0000000709e00000|  0%| F|  |TAMS 0x0000000709c00000, 0x0000000709c00000| Untracked 
|  50|0x0000000709e00000, 0x0000000709e00000, 0x000000070a000000|  0%| F|  |TAMS 0x0000000709e00000, 0x0000000709e00000| Untracked 
|  51|0x000000070a000000, 0x000000070a000000, 0x000000070a200000|  0%| F|  |TAMS 0x000000070a000000, 0x000000070a000000| Untracked 
|  52|0x000000070a200000, 0x000000070a200000, 0x000000070a400000|  0%| F|  |TAMS 0x000000070a200000, 0x000000070a200000| Untracked 
|  53|0x000000070a400000, 0x000000070a400000, 0x000000070a600000|  0%| F|  |TAMS 0x000000070a400000, 0x000000070a400000| Untracked 
|  54|0x000000070a600000, 0x000000070a600000, 0x000000070a800000|  0%| F|  |TAMS 0x000000070a600000, 0x000000070a600000| Untracked 
|  55|0x000000070a800000, 0x000000070a800000, 0x000000070aa00000|  0%| F|  |TAMS 0x000000070a800000, 0x000000070a800000| Untracked 
|  56|0x000000070aa00000, 0x000000070aa00000, 0x000000070ac00000|  0%| F|  |TAMS 0x000000070aa00000, 0x000000070aa00000| Untracked 
|  57|0x000000070ac00000, 0x000000070ac00000, 0x000000070ae00000|  0%| F|  |TAMS 0x000000070ac00000, 0x000000070ac00000| Untracked 
|  58|0x000000070ae00000, 0x000000070ae00000, 0x000000070b000000|  0%| F|  |TAMS 0x000000070ae00000, 0x000000070ae00000| Untracked 
|  59|0x000000070b000000, 0x000000070b000000, 0x000000070b200000|  0%| F|  |TAMS 0x000000070b000000, 0x000000070b000000| Untracked 
|  60|0x000000070b200000, 0x000000070b200000, 0x000000070b400000|  0%| F|  |TAMS 0x000000070b200000, 0x000000070b200000| Untracked 
|  61|0x000000070b400000, 0x000000070b400000, 0x000000070b600000|  0%| F|  |TAMS 0x000000070b400000, 0x000000070b400000| Untracked 
|  62|0x000000070b600000, 0x000000070b600000, 0x000000070b800000|  0%| F|  |TAMS 0x000000070b600000, 0x000000070b600000| Untracked 
|  63|0x000000070b800000, 0x000000070b800000, 0x000000070ba00000|  0%| F|  |TAMS 0x000000070b800000, 0x000000070b800000| Untracked 
|  64|0x000000070ba00000, 0x000000070ba00000, 0x000000070bc00000|  0%| F|  |TAMS 0x000000070ba00000, 0x000000070ba00000| Untracked 
|  65|0x000000070bc00000, 0x000000070bc00000, 0x000000070be00000|  0%| F|  |TAMS 0x000000070bc00000, 0x000000070bc00000| Untracked 
|  66|0x000000070be00000, 0x000000070be00000, 0x000000070c000000|  0%| F|  |TAMS 0x000000070be00000, 0x000000070be00000| Untracked 
|  67|0x000000070c000000, 0x000000070c000000, 0x000000070c200000|  0%| F|  |TAMS 0x000000070c000000, 0x000000070c000000| Untracked 
|  68|0x000000070c200000, 0x000000070c200000, 0x000000070c400000|  0%| F|  |TAMS 0x000000070c200000, 0x000000070c200000| Untracked 
|  69|0x000000070c400000, 0x000000070c400000, 0x000000070c600000|  0%| F|  |TAMS 0x000000070c400000, 0x000000070c400000| Untracked 
|  70|0x000000070c600000, 0x000000070c600000, 0x000000070c800000|  0%| F|  |TAMS 0x000000070c600000, 0x000000070c600000| Untracked 
|  71|0x000000070c800000, 0x000000070c800000, 0x000000070ca00000|  0%| F|  |TAMS 0x000000070c800000, 0x000000070c800000| Untracked 
|  72|0x000000070ca00000, 0x000000070ca00000, 0x000000070cc00000|  0%| F|  |TAMS 0x000000070ca00000, 0x000000070ca00000| Untracked 
|  73|0x000000070cc00000, 0x000000070cc00000, 0x000000070ce00000|  0%| F|  |TAMS 0x000000070cc00000, 0x000000070cc00000| Untracked 
|  74|0x000000070ce00000, 0x000000070ce00000, 0x000000070d000000|  0%| F|  |TAMS 0x000000070ce00000, 0x000000070ce00000| Untracked 
|  75|0x000000070d000000, 0x000000070d000000, 0x000000070d200000|  0%| F|  |TAMS 0x000000070d000000, 0x000000070d000000| Untracked 
|  76|0x000000070d200000, 0x000000070d200000, 0x000000070d400000|  0%| F|  |TAMS 0x000000070d200000, 0x000000070d200000| Untracked 
|  77|0x000000070d400000, 0x000000070d400000, 0x000000070d600000|  0%| F|  |TAMS 0x000000070d400000, 0x000000070d400000| Untracked 
|  78|0x000000070d600000, 0x000000070d600000, 0x000000070d800000|  0%| F|  |TAMS 0x000000070d600000, 0x000000070d600000| Untracked 
|  79|0x000000070d800000, 0x000000070d800000, 0x000000070da00000|  0%| F|  |TAMS 0x000000070d800000, 0x000000070d800000| Untracked 
|  80|0x000000070da00000, 0x000000070da00000, 0x000000070dc00000|  0%| F|  |TAMS 0x000000070da00000, 0x000000070da00000| Untracked 
|  81|0x000000070dc00000, 0x000000070dc00000, 0x000000070de00000|  0%| F|  |TAMS 0x000000070dc00000, 0x000000070dc00000| Untracked 
|  82|0x000000070de00000, 0x000000070de00000, 0x000000070e000000|  0%| F|  |TAMS 0x000000070de00000, 0x000000070de00000| Untracked 
|  83|0x000000070e000000, 0x000000070e000000, 0x000000070e200000|  0%| F|  |TAMS 0x000000070e000000, 0x000000070e000000| Untracked 
|  84|0x000000070e200000, 0x000000070e200000, 0x000000070e400000|  0%| F|  |TAMS 0x000000070e200000, 0x000000070e200000| Untracked 
|  85|0x000000070e400000, 0x000000070e400000, 0x000000070e600000|  0%| F|  |TAMS 0x000000070e400000, 0x000000070e400000| Untracked 
|  86|0x000000070e600000, 0x000000070e600000, 0x000000070e800000|  0%| F|  |TAMS 0x000000070e600000, 0x000000070e600000| Untracked 
|  87|0x000000070e800000, 0x000000070e800000, 0x000000070ea00000|  0%| F|  |TAMS 0x000000070e800000, 0x000000070e800000| Untracked 
|  88|0x000000070ea00000, 0x000000070ea00000, 0x000000070ec00000|  0%| F|  |TAMS 0x000000070ea00000, 0x000000070ea00000| Untracked 
|  89|0x000000070ec00000, 0x000000070ec00000, 0x000000070ee00000|  0%| F|  |TAMS 0x000000070ec00000, 0x000000070ec00000| Untracked 
|  90|0x000000070ee00000, 0x000000070ee00000, 0x000000070f000000|  0%| F|  |TAMS 0x000000070ee00000, 0x000000070ee00000| Untracked 
|  91|0x000000070f000000, 0x000000070f000000, 0x000000070f200000|  0%| F|  |TAMS 0x000000070f000000, 0x000000070f000000| Untracked 
|  92|0x000000070f200000, 0x000000070f200000, 0x000000070f400000|  0%| F|  |TAMS 0x000000070f200000, 0x000000070f200000| Untracked 
|  93|0x000000070f400000, 0x000000070f400000, 0x000000070f600000|  0%| F|  |TAMS 0x000000070f400000, 0x000000070f400000| Untracked 
|  94|0x000000070f600000, 0x000000070f600000, 0x000000070f800000|  0%| F|  |TAMS 0x000000070f600000, 0x000000070f600000| Untracked 
|  95|0x000000070f800000, 0x000000070f800000, 0x000000070fa00000|  0%| F|  |TAMS 0x000000070f800000, 0x000000070f800000| Untracked 
|  96|0x000000070fa00000, 0x000000070fa00000, 0x000000070fc00000|  0%| F|  |TAMS 0x000000070fa00000, 0x000000070fa00000| Untracked 
|  97|0x000000070fc00000, 0x000000070fc00000, 0x000000070fe00000|  0%| F|  |TAMS 0x000000070fc00000, 0x000000070fc00000| Untracked 
|  98|0x000000070fe00000, 0x000000070fe00000, 0x0000000710000000|  0%| F|  |TAMS 0x000000070fe00000, 0x000000070fe00000| Untracked 
|  99|0x0000000710000000, 0x0000000710000000, 0x0000000710200000|  0%| F|  |TAMS 0x0000000710000000, 0x0000000710000000| Untracked 
| 100|0x0000000710200000, 0x0000000710200000, 0x0000000710400000|  0%| F|  |TAMS 0x0000000710200000, 0x0000000710200000| Untracked 
| 101|0x0000000710400000, 0x0000000710400000, 0x0000000710600000|  0%| F|  |TAMS 0x0000000710400000, 0x0000000710400000| Untracked 
| 102|0x0000000710600000, 0x0000000710600000, 0x0000000710800000|  0%| F|  |TAMS 0x0000000710600000, 0x0000000710600000| Untracked 
| 103|0x0000000710800000, 0x0000000710800000, 0x0000000710a00000|  0%| F|  |TAMS 0x0000000710800000, 0x0000000710800000| Untracked 
| 104|0x0000000710a00000, 0x0000000710a00000, 0x0000000710c00000|  0%| F|  |TAMS 0x0000000710a00000, 0x0000000710a00000| Untracked 
| 105|0x0000000710c00000, 0x0000000710c00000, 0x0000000710e00000|  0%| F|  |TAMS 0x0000000710c00000, 0x0000000710c00000| Untracked 
| 106|0x0000000710e00000, 0x0000000710e00000, 0x0000000711000000|  0%| F|  |TAMS 0x0000000710e00000, 0x0000000710e00000| Untracked 
| 107|0x0000000711000000, 0x0000000711000000, 0x0000000711200000|  0%| F|  |TAMS 0x0000000711000000, 0x0000000711000000| Untracked 
| 108|0x0000000711200000, 0x0000000711200000, 0x0000000711400000|  0%| F|  |TAMS 0x0000000711200000, 0x0000000711200000| Untracked 
| 109|0x0000000711400000, 0x0000000711400000, 0x0000000711600000|  0%| F|  |TAMS 0x0000000711400000, 0x0000000711400000| Untracked 
| 110|0x0000000711600000, 0x0000000711600000, 0x0000000711800000|  0%| F|  |TAMS 0x0000000711600000, 0x0000000711600000| Untracked 
| 111|0x0000000711800000, 0x0000000711800000, 0x0000000711a00000|  0%| F|  |TAMS 0x0000000711800000, 0x0000000711800000| Untracked 
| 112|0x0000000711a00000, 0x0000000711a00000, 0x0000000711c00000|  0%| F|  |TAMS 0x0000000711a00000, 0x0000000711a00000| Untracked 
| 113|0x0000000711c00000, 0x0000000711c00000, 0x0000000711e00000|  0%| F|  |TAMS 0x0000000711c00000, 0x0000000711c00000| Untracked 
| 114|0x0000000711e00000, 0x0000000711e00000, 0x0000000712000000|  0%| F|  |TAMS 0x0000000711e00000, 0x0000000711e00000| Untracked 
| 115|0x0000000712000000, 0x0000000712000000, 0x0000000712200000|  0%| F|  |TAMS 0x0000000712000000, 0x0000000712000000| Untracked 
| 116|0x0000000712200000, 0x0000000712200000, 0x0000000712400000|  0%| F|  |TAMS 0x0000000712200000, 0x0000000712200000| Untracked 
| 117|0x0000000712400000, 0x0000000712400000, 0x0000000712600000|  0%| F|  |TAMS 0x0000000712400000, 0x0000000712400000| Untracked 
| 118|0x0000000712600000, 0x0000000712600000, 0x0000000712800000|  0%| F|  |TAMS 0x0000000712600000, 0x0000000712600000| Untracked 
| 119|0x0000000712800000, 0x0000000712800000, 0x0000000712a00000|  0%| F|  |TAMS 0x0000000712800000, 0x0000000712800000| Untracked 
| 120|0x0000000712a00000, 0x0000000712a00000, 0x0000000712c00000|  0%| F|  |TAMS 0x0000000712a00000, 0x0000000712a00000| Untracked 
| 121|0x0000000712c00000, 0x0000000712e00000, 0x0000000712e00000|100%| E|  |TAMS 0x0000000712c00000, 0x0000000712c00000| Complete 
| 122|0x0000000712e00000, 0x0000000713000000, 0x0000000713000000|100%| E|CS|TAMS 0x0000000712e00000, 0x0000000712e00000| Complete 
| 123|0x0000000713000000, 0x0000000713200000, 0x0000000713200000|100%| E|  |TAMS 0x0000000713000000, 0x0000000713000000| Complete 
| 124|0x0000000713200000, 0x0000000713400000, 0x0000000713400000|100%| E|CS|TAMS 0x0000000713200000, 0x0000000713200000| Complete 
| 125|0x0000000713400000, 0x0000000713600000, 0x0000000713600000|100%| E|CS|TAMS 0x0000000713400000, 0x0000000713400000| Complete 
| 126|0x0000000713600000, 0x0000000713800000, 0x0000000713800000|100%| E|CS|TAMS 0x0000000713600000, 0x0000000713600000| Complete 

Card table byte_map: [0x000001e3fc9c0000,0x000001e3fd1b0000] _byte_map_base: 0x000001e3f91a3000

Marking Bits (Prev, Next): (CMBitMap*) 0x000001e3e9809350, (CMBitMap*) 0x000001e3e9809390
 Prev Bits: [0x000001e380000000, 0x000001e383f18000)
 Next Bits: [0x000001e383f20000, 0x000001e387e38000)

Polling page: 0x000001e3e7470000

Metaspace:

Usage:
  Non-class:      8.56 MB used.
      Class:    787.15 KB used.
       Both:      9.33 MB used.

Virtual space:
  Non-class space:       16.00 MB reserved,       8.62 MB ( 54%) committed,  2 nodes.
      Class space:        1.00 GB reserved,     832.00 KB ( <1%) committed,  1 nodes.
             Both:        1.02 GB reserved,       9.44 MB ( <1%) committed. 

Chunk freelists:
   Non-Class:  2.98 MB
       Class:  3.06 MB
        Both:  6.05 MB

MaxMetaspaceSize: unlimited
CompressedClassSpaceSize: 1.00 GB
Initial GC threshold: 21.00 MB
Current GC threshold: 21.00 MB
CDS: off
MetaspaceReclaimPolicy: balanced
 - commit_granule_bytes: 65536.
 - commit_granule_words: 8192.
 - virtual_space_node_default_size: 1048576.
 - enlarge_chunks_in_place: 1.
 - new_chunks_are_fully_committed: 0.
 - uncommit_free_chunks: 1.
 - use_allocation_guard: 0.
 - handle_deallocations: 1.


Internal statistics:

num_allocs_failed_limit: 0.
num_arena_births: 6.
num_arena_deaths: 0.
num_vsnodes_births: 3.
num_vsnodes_deaths: 0.
num_space_committed: 151.
num_space_uncommitted: 0.
num_chunks_returned_to_freelist: 0.
num_chunks_taken_from_freelist: 113.
num_chunk_merges: 0.
num_chunk_splits: 93.
num_chunks_enlarged: 87.
num_purges: 0.
num_inconsistent_stats: 0.

CodeHeap 'non-profiled nmethods': size=120000Kb used=115Kb max_used=115Kb free=119884Kb
 bounds [0x000001e3f4740000, 0x000001e3f49b0000, 0x000001e3fbc70000]
CodeHeap 'profiled nmethods': size=120000Kb used=614Kb max_used=614Kb free=119385Kb
 bounds [0x000001e3ecc70000, 0x000001e3ecee0000, 0x000001e3f41a0000]
CodeHeap 'non-nmethods': size=5760Kb used=1136Kb max_used=1164Kb free=4623Kb
 bounds [0x000001e3f41a0000, 0x000001e3f4410000, 0x000001e3f4740000]
 total_blobs=805 nmethods=398 adapters=320
 compilation: enabled
              stopped_count=0, restarted_count=0
 full_count=0

Compilation events (20 events):
Event: 0.217 Thread 0x000001e3890ae1d0  388  s    3       java.util.jar.JarFile::getInputStream (72 bytes)
Event: 0.217 Thread 0x000001e38929f490 nmethod 387 0x000001e3f475ba90 code [0x000001e3f475bc00, 0x000001e3f475bc98]
Event: 0.217 Thread 0x000001e3890ae1d0 nmethod 388 0x000001e3ecd04f90 code [0x000001e3ecd051c0, 0x000001e3ecd05738]
Event: 0.217 Thread 0x000001e3890ae1d0  389       3       java.util.jar.JarFile$JarFileEntry::getRealName (5 bytes)
Event: 0.217 Thread 0x000001e3890ae1d0 nmethod 389 0x000001e3ecd05910 code [0x000001e3ecd05aa0, 0x000001e3ecd05bb8]
Event: 0.218 Thread 0x000001e3890ae1d0  390       3       java.lang.String::equalsIgnoreCase (45 bytes)
Event: 0.218 Thread 0x000001e3890ae1d0 nmethod 390 0x000001e3ecd05c90 code [0x000001e3ecd05e80, 0x000001e3ecd063e8]
Event: 0.218 Thread 0x000001e3890ae1d0  391       3       java.io.FilterInputStream::<init> (10 bytes)
Event: 0.218 Thread 0x000001e3890ae1d0 nmethod 391 0x000001e3ecd06610 code [0x000001e3ecd067c0, 0x000001e3ecd069f8]
Event: 0.218 Thread 0x000001e3890ae1d0  392       3       java.lang.ref.Reference::refersToImpl (6 bytes)
Event: 0.218 Thread 0x000001e3890ae1d0 nmethod 392 0x000001e3ecd06b10 code [0x000001e3ecd06ca0, 0x000001e3ecd06de8]
Event: 0.220 Thread 0x000001e3890ae1d0  394   !   3       jdk.internal.ref.PhantomCleanable::insert (53 bytes)
Event: 0.220 Thread 0x000001e3890ae1d0 nmethod 394 0x000001e3ecd06e90 code [0x000001e3ecd07040, 0x000001e3ecd073d8]
Event: 0.220 Thread 0x000001e3890ae1d0  395       3       java.util.zip.ZipFile$ZipFileInputStream::initDataOffset (117 bytes)
Event: 0.220 Thread 0x000001e3890ae1d0 nmethod 395 0x000001e3ecd07590 code [0x000001e3ecd077a0, 0x000001e3ecd07f48]
Event: 0.220 Thread 0x000001e3890ae1d0  396   !   3       java.util.zip.Inflater::setInput (69 bytes)
Event: 0.220 Thread 0x000001e3890ae1d0 nmethod 396 0x000001e3ecd08290 code [0x000001e3ecd08440, 0x000001e3ecd08808]
Event: 0.221 Thread 0x000001e3890ae1d0  397       3       jdk.internal.ref.PhantomCleanable::<init> (49 bytes)
Event: 0.221 Thread 0x000001e38929f490  398       4       java.lang.AbstractStringBuilder::append (45 bytes)
Event: 0.221 Thread 0x000001e3890ae1d0 nmethod 397 0x000001e3ecd08990 code [0x000001e3ecd08be0, 0x000001e3ecd09738]

GC Heap History (0 events):
No events

Dll operation events (1 events):
Event: 0.005 Loaded shared library C:\Program Files\Android\Android Studio1\jbr\bin\java.dll

Deoptimization events (20 events):
Event: 0.087 Thread 0x000001e3e9798b60 DEOPT PACKING pc=0x000001e3ecc8550c sp=0x000000d9cbdfd8a0
Event: 0.087 Thread 0x000001e3e9798b60 DEOPT UNPACKING pc=0x000001e3f41face3 sp=0x000000d9cbdfcd30 mode 0
Event: 0.087 Thread 0x000001e3e9798b60 DEOPT PACKING pc=0x000001e3ecc8550c sp=0x000000d9cbdfd8a0
Event: 0.087 Thread 0x000001e3e9798b60 DEOPT UNPACKING pc=0x000001e3f41face3 sp=0x000000d9cbdfcd30 mode 0
Event: 0.087 Thread 0x000001e3e9798b60 DEOPT PACKING pc=0x000001e3ecc8550c sp=0x000000d9cbdfd8a0
Event: 0.087 Thread 0x000001e3e9798b60 DEOPT UNPACKING pc=0x000001e3f41face3 sp=0x000000d9cbdfcd30 mode 0
Event: 0.087 Thread 0x000001e3e9798b60 DEOPT PACKING pc=0x000001e3ecc8550c sp=0x000000d9cbdfd8a0
Event: 0.087 Thread 0x000001e3e9798b60 DEOPT UNPACKING pc=0x000001e3f41face3 sp=0x000000d9cbdfcd30 mode 0
Event: 0.087 Thread 0x000001e3e9798b60 DEOPT PACKING pc=0x000001e3ecc8550c sp=0x000000d9cbdfd8a0
Event: 0.087 Thread 0x000001e3e9798b60 DEOPT UNPACKING pc=0x000001e3f41face3 sp=0x000000d9cbdfcd30 mode 0
Event: 0.087 Thread 0x000001e3e9798b60 DEOPT PACKING pc=0x000001e3ecc8550c sp=0x000000d9cbdfd8a0
Event: 0.087 Thread 0x000001e3e9798b60 DEOPT UNPACKING pc=0x000001e3f41face3 sp=0x000000d9cbdfcd30 mode 0
Event: 0.115 Thread 0x000001e3e9798b60 Uncommon trap: trap_request=0xffffff45 fr.pc=0x000001e3f47452d0 relative=0x00000000000006f0
Event: 0.115 Thread 0x000001e3e9798b60 Uncommon trap: reason=unstable_if action=reinterpret pc=0x000001e3f47452d0 method=java.util.zip.ZipFile$Source.checkAndAddEntry(II)I @ 50 c2
Event: 0.115 Thread 0x000001e3e9798b60 DEOPT PACKING pc=0x000001e3f47452d0 sp=0x000000d9cbdfe480
Event: 0.115 Thread 0x000001e3e9798b60 DEOPT UNPACKING pc=0x000001e3f41fa1a3 sp=0x000000d9cbdfe3f8 mode 2
Event: 0.153 Thread 0x000001e3e9798b60 DEOPT PACKING pc=0x000001e3ecc83be7 sp=0x000000d9cbdfcba0
Event: 0.153 Thread 0x000001e3e9798b60 DEOPT UNPACKING pc=0x000001e3f41face3 sp=0x000000d9cbdfbfc0 mode 0
Event: 0.162 Thread 0x000001e3e9798b60 DEOPT PACKING pc=0x000001e3ecc82f51 sp=0x000000d9cbdfd770
Event: 0.162 Thread 0x000001e3e9798b60 DEOPT UNPACKING pc=0x000001e3f41face3 sp=0x000000d9cbdfcbe8 mode 0

Classes unloaded (0 events):
No events

Classes redefined (0 events):
No events

Internal exceptions (0 events):
No events

VM Operations (4 events):
Event: 0.093 Executing VM operation: HandshakeAllThreads
Event: 0.093 Executing VM operation: HandshakeAllThreads done
Event: 0.169 Executing VM operation: HandshakeAllThreads
Event: 0.169 Executing VM operation: HandshakeAllThreads done

Events (20 events):
Event: 0.208 loading class java/util/LinkedHashMap$LinkedKeySet
Event: 0.208 loading class java/util/LinkedHashMap$LinkedKeySet done
Event: 0.208 loading class java/util/LinkedHashMap$LinkedKeyIterator
Event: 0.208 loading class java/util/LinkedHashMap$LinkedHashIterator
Event: 0.208 loading class java/util/LinkedHashMap$LinkedHashIterator done
Event: 0.208 loading class java/util/LinkedHashMap$LinkedKeyIterator done
Event: 0.208 loading class java/util/LinkedHashMap$LinkedEntrySet
Event: 0.208 loading class java/util/LinkedHashMap$LinkedEntrySet done
Event: 0.208 loading class java/util/LinkedHashMap$LinkedEntryIterator
Event: 0.208 loading class java/util/LinkedHashMap$LinkedEntryIterator done
Event: 0.211 loading class java/util/EnumMap
Event: 0.211 loading class java/util/EnumMap done
Event: 0.211 loading class java/util/EnumMap$1
Event: 0.211 loading class java/util/EnumMap$1 done
Event: 0.218 loading class java/util/concurrent/locks/ReentrantLock$NonfairSync
Event: 0.218 loading class java/util/concurrent/locks/ReentrantLock$Sync
Event: 0.218 loading class java/util/concurrent/locks/AbstractQueuedSynchronizer
Event: 0.218 loading class java/util/concurrent/locks/AbstractQueuedSynchronizer done
Event: 0.218 loading class java/util/concurrent/locks/ReentrantLock$Sync done
Event: 0.218 loading class java/util/concurrent/locks/ReentrantLock$NonfairSync done


Dynamic libraries:
0x00007ff7b9700000 - 0x00007ff7b970a000 	C:\Program Files\Android\Android Studio1\jbr\bin\java.exe
0x00007ff99fa50000 - 0x00007ff99fc48000 	C:\Windows\SYSTEM32\ntdll.dll
0x00007ff99db30000 - 0x00007ff99dbef000 	C:\Windows\System32\KERNEL32.DLL
0x00007ff99d470000 - 0x00007ff99d766000 	C:\Windows\System32\KERNELBASE.dll
0x00007ff99d8b0000 - 0x00007ff99d9b0000 	C:\Windows\System32\ucrtbase.dll
0x00007ff996280000 - 0x00007ff996297000 	C:\Program Files\Android\Android Studio1\jbr\bin\jli.dll
0x00007ff994890000 - 0x00007ff9948ab000 	C:\Program Files\Android\Android Studio1\jbr\bin\VCRUNTIME140.dll
0x00007ff99f610000 - 0x00007ff99f7ad000 	C:\Windows\System32\USER32.dll
0x00007ff9837b0000 - 0x00007ff983a4a000 	C:\Windows\WinSxS\amd64_microsoft.windows.common-controls_6595b64144ccf1df_6.0.19041.1110_none_60b5254171f9507e\COMCTL32.dll
0x00007ff99d9b0000 - 0x00007ff99d9d2000 	C:\Windows\System32\win32u.dll
0x00007ff99e480000 - 0x00007ff99e51e000 	C:\Windows\System32\msvcrt.dll
0x00007ff99f580000 - 0x00007ff99f5ac000 	C:\Windows\System32\GDI32.dll
0x00007ff99d130000 - 0x00007ff99d245000 	C:\Windows\System32\gdi32full.dll
0x00007ff99d9e0000 - 0x00007ff99da7d000 	C:\Windows\System32\msvcp_win.dll
0x00007ff99dbf0000 - 0x00007ff99dc20000 	C:\Windows\System32\IMM32.DLL
0x00007ff996370000 - 0x00007ff99637c000 	C:\Program Files\Android\Android Studio1\jbr\bin\vcruntime140_1.dll
0x00007ff963850000 - 0x00007ff9638dd000 	C:\Program Files\Android\Android Studio1\jbr\bin\msvcp140.dll
0x00007ff8d6180000 - 0x00007ff8d6ded000 	C:\Program Files\Android\Android Studio1\jbr\bin\server\jvm.dll
0x00007ff99f110000 - 0x00007ff99f1bf000 	C:\Windows\System32\ADVAPI32.dll
0x00007ff99f8e0000 - 0x00007ff99f97c000 	C:\Windows\System32\sechost.dll
0x00007ff99f7b0000 - 0x00007ff99f8d6000 	C:\Windows\System32\RPCRT4.dll
0x00007ff960c00000 - 0x00007ff960c09000 	C:\Windows\SYSTEM32\WSOCK32.dll
0x00007ff99f1c0000 - 0x00007ff99f22b000 	C:\Windows\System32\WS2_32.dll
0x00007ff985a90000 - 0x00007ff985ab7000 	C:\Windows\SYSTEM32\WINMM.dll
0x00007ff9932e0000 - 0x00007ff9932ea000 	C:\Windows\SYSTEM32\VERSION.dll
0x00007ff99b970000 - 0x00007ff99b982000 	C:\Windows\SYSTEM32\kernel.appcore.dll
0x00007ff996390000 - 0x00007ff99639a000 	C:\Program Files\Android\Android Studio1\jbr\bin\jimage.dll
0x00007ff99b6a0000 - 0x00007ff99b884000 	C:\Windows\SYSTEM32\DBGHELP.DLL
0x00007ff9841b0000 - 0x00007ff9841e4000 	C:\Windows\SYSTEM32\dbgcore.DLL
0x00007ff99d820000 - 0x00007ff99d8a2000 	C:\Windows\System32\bcryptPrimitives.dll
0x00007ff982020000 - 0x00007ff982045000 	C:\Program Files\Android\Android Studio1\jbr\bin\java.dll
0x00007ff964f30000 - 0x00007ff964f48000 	C:\Program Files\Android\Android Studio1\jbr\bin\zip.dll
0x00007ff99e810000 - 0x00007ff99ef54000 	C:\Windows\System32\SHELL32.dll
0x00007ff99ac30000 - 0x00007ff99b3c3000 	C:\Windows\SYSTEM32\windows.storage.dll
0x00007ff99dc80000 - 0x00007ff99dfd4000 	C:\Windows\System32\combase.dll
0x00007ff99cb90000 - 0x00007ff99cbbe000 	C:\Windows\SYSTEM32\Wldp.dll
0x00007ff99e6b0000 - 0x00007ff99e75d000 	C:\Windows\System32\SHCORE.dll
0x00007ff99dc20000 - 0x00007ff99dc75000 	C:\Windows\System32\shlwapi.dll
0x00007ff99d070000 - 0x00007ff99d08f000 	C:\Windows\SYSTEM32\profapi.dll
0x00007ff963940000 - 0x00007ff963959000 	C:\Program Files\Android\Android Studio1\jbr\bin\net.dll
0x00007ff991eb0000 - 0x00007ff991fba000 	C:\Windows\SYSTEM32\WINHTTP.dll
0x00007ff99c8f0000 - 0x00007ff99c95a000 	C:\Windows\system32\mswsock.dll
0x00007ff963920000 - 0x00007ff963936000 	C:\Program Files\Android\Android Studio1\jbr\bin\nio.dll

dbghelp: loaded successfully - version: 4.0.5 - missing functions: none
symbol engine: initialized successfully - sym options: 0x614 - pdb path: .;C:\Program Files\Android\Android Studio1\jbr\bin;C:\Windows\SYSTEM32;C:\Windows\WinSxS\amd64_microsoft.windows.common-controls_6595b64144ccf1df_6.0.19041.1110_none_60b5254171f9507e;C:\Program Files\Android\Android Studio1\jbr\bin\server

VM Arguments:
java_command: org.jetbrains.kotlin.cli.jvm.K2JVMCompiler @C:\Users\User\AndroidStudioProjects\MyEkasari\app\build\20230519_3398754576383576118.compiler.options
java_class_path (initial): C:\Users\User\.gradle\caches\modules-2\files-2.1\org.jetbrains.kotlin\kotlin-compiler-embeddable\1.7.10\909803167c98606fcf22b4c848647c68e351d48d\kotlin-compiler-embeddable-1.7.10.jar;C:\Users\User\.gradle\caches\modules-2\files-2.1\org.jetbrains.kotlin\kotlin-reflect\1.7.10\165e600dfea6185cf5efa700756294cc4904dbeb\kotlin-reflect-1.7.10.jar;C:\Users\User\.gradle\caches\modules-2\files-2.1\org.jetbrains.kotlin\kotlin-stdlib\1.7.10\d2abf9e77736acc4450dc4a3f707fa2c10f5099d\kotlin-stdlib-1.7.10.jar;C:\Users\User\.gradle\caches\modules-2\files-2.1\org.jetbrains.kotlin\kotlin-script-runtime\1.7.10\c99c87a6988d8fd8d5142e9ed5c9f34a7cf561ee\kotlin-script-runtime-1.7.10.jar;C:\Users\User\.gradle\caches\modules-2\files-2.1\org.jetbrains.kotlin\kotlin-daemon-embeddable\1.7.10\3a9f7aef7080d3ae63126cbba4f827ed664f32fa\kotlin-daemon-embeddable-1.7.10.jar;C:\Users\User\.gradle\caches\modules-2\files-2.1\org.jetbrains.intellij.deps\trove4j\1.0.20200330\3afb14d5f9ceb459d724e907a21145e8ff394f02\trove4j-1.0.20200330.jar;C:\Users\User\.gradle\caches\modules-2\files-2.1\net.java.dev.jna\jna\5.6.0\330f2244e9030119ab3030fc3fededc86713d9cc\jna-5.6.0.jar;C:\Users\User\.gradle\caches\modules-2\files-2.1\org.jetbrains.kotlin\kotlin-stdlib-common\1.7.10\bac80c520d0a9e3f3673bc2658c6ed02ef45a76a\kotlin-stdlib-common-1.7.10.jar;C:\Users\User\.gradle\caches\modules-2\files-2.1\org.jetbrains\annotations\13.0\919f0dfe192fb4e063e7dacadee7f8bb9a2672a9\annotations-13.0.jar
Launcher Type: SUN_STANDARD

[Global flags]
     intx CICompilerCount                          = 4                                         {product} {ergonomic}
     uint ConcGCThreads                            = 3                                         {product} {ergonomic}
     uint G1ConcRefinementThreads                  = 10                                        {product} {ergonomic}
   size_t G1HeapRegionSize                         = 2097152                                   {product} {ergonomic}
    uintx GCDrainStackTargetSize                   = 64                                        {product} {ergonomic}
   size_t InitialHeapSize                          = 266338304                                 {product} {ergonomic}
   size_t MarkStackSize                            = 4194304                                   {product} {ergonomic}
   size_t MaxHeapSize                              = 4234149888                                {product} {ergonomic}
   size_t MaxNewSize                               = 2539651072                                {product} {ergonomic}
   size_t MinHeapDeltaBytes                        = 2097152                                   {product} {ergonomic}
   size_t MinHeapSize                              = 8388608                                   {product} {ergonomic}
    uintx NonNMethodCodeHeapSize                   = 5839372                                {pd product} {ergonomic}
    uintx NonProfiledCodeHeapSize                  = 122909434                              {pd product} {ergonomic}
    uintx ProfiledCodeHeapSize                     = 122909434                              {pd product} {ergonomic}
    uintx ReservedCodeCacheSize                    = 251658240                              {pd product} {ergonomic}
     bool SegmentedCodeCache                       = true                                      {product} {ergonomic}
   size_t SoftMaxHeapSize                          = 4234149888                             {manageable} {ergonomic}
     bool UseCompressedClassPointers               = true                           {product lp64_product} {ergonomic}
     bool UseCompressedOops                        = true                           {product lp64_product} {ergonomic}
     bool UseG1GC                                  = true                                      {product} {ergonomic}
     bool UseLargePagesIndividualAllocation        = false                                  {pd product} {ergonomic}

Logging:
Log output configuration:
 #0: stdout all=warning uptime,level,tags
 #1: stderr all=off uptime,level,tags

Environment Variables:
JAVA_HOME=C:\Program Files\Eclipse Adoptium\jdk-17.0.2.8-hotspot\
PATH=C:\Program Files\Common Files\Oracle\Java\javapath;C:\Program Files\Eclipse Adoptium\jdk-17.0.2.8-hotspot\bin;C:\Program Files (x86)\Common Files\Intel\Shared Libraries\redist\intel64\compiler;C:\Windows\system32;C:\Windows;C:\Windows\System32\Wbem;C:\Windows\System32\WindowsPowerShell\v1.0\;C:\Windows\System32\OpenSSH\;C:\Program Files (x86)\NVIDIA Corporation\PhysX\Common;C:\Program Files\NVIDIA Corporation\NVIDIA NvDLISR;C:\Users\User\AppData\Local\Microsoft\WindowsApps;C:\adb;C:\Program Files (x86)\dotnet\;C:\Program Files (x86)\IncrediBuild;C:\Program Files\Cloudflare\Cloudflare WARP\;D:\PUTTY\;C:\xampp\php;C:\ProgramData\ComposerSetup\bin;C:\Program Files\Git\cmd;C:\Users\User\AppData\Local\Microsoft\WindowsApps;D:\android\cmdline-tools\tools\bin;D:\android\flutter\bin;;C:\Users\User\AppData\Local\Programs\Microsoft VS Code\bin;C:\Users\User\AppData\Roaming\Composer\vendor\bin;C:\Program Files\JetBrains\IntelliJ IDEA Community Edition 2022.3\bin;
USERNAME=User
OS=Windows_NT
PROCESSOR_IDENTIFIER=Intel64 Family 6 Model 141 Stepping 1, GenuineIntel
TMP=C:\Users\User\AppData\Local\Temp
TEMP=C:\Users\User\AppData\Local\Temp



---------------  S Y S T E M  ---------------

OS:
 Windows 10 , 64 bit Build 19041 (10.0.19041.2913)
OS uptime: 4 days 1:34 hours

CPU: total 12 (initial active 12) (6 cores per cpu, 2 threads per core) family 6 model 141 stepping 1 microcode 0x3c, cx8, cmov, fxsr, ht, mmx, 3dnowpref, sse, sse2, sse3, ssse3, sse4.1, sse4.2, popcnt, lzcnt, tsc, tscinvbit, avx, avx2, aes, erms, clmul, bmi1, bmi2, adx, avx512f, avx512dq, avx512cd, avx512bw, avx512vl, sha, fma, vzeroupper, avx512_vpopcntdq, avx512_vpclmulqdq, avx512_vaes, avx512_vnni, clflush, clflushopt, clwb, avx512_vbmi2, avx512_vbmi

Memory: 4k page, system-wide physical 16147M (3084M free)
TotalPageFile size 20243M (AvailPageFile size 5M)
current process WorkingSet (physical memory assigned to process): 54M, peak: 54M
current process commit charge ("private bytes"): 347M, peak: 347M

vm_info: OpenJDK 64-Bit Server VM (17.0.6+0-b2043.56-9586694) for windows-amd64 JRE (17.0.6+0-b2043.56-9586694), built on Feb  9 2023 20:06:20 by "androidbuild" with MS VC++ 16.10 / 16.11 (VS2019)

END.
